# JRE version: OpenJDK Runtime Environment (7.0_79-b14) (build 1.7.0_79-b14)
# Java VM: OpenJDK 64-Bit Server VM (24.79-b02 mixed mode linux-amd64 compressed oops)
Heap
 PSYoungGen      total 76800K, used 59779K [0x00000000eaa80000, 0x00000000f0000000, 0x0000000100000000)
  eden space 66048K, 74% used [0x00000000eaa80000,0x00000000eda65420,0x00000000eeb00000)
  from space 10752K, 99% used [0x00000000eeb00000,0x00000000ef57ba28,0x00000000ef580000)
  to   space 10752K, 0% used [0x00000000ef580000,0x00000000ef580000,0x00000000f0000000)
 ParOldGen       total 175104K, used 39811K [0x00000000c0000000, 0x00000000cab00000, 0x00000000eaa80000)
  object space 175104K, 22% used [0x00000000c0000000,0x00000000c26e0e60,0x00000000cab00000)
 PSPermGen       total 47616K, used 47536K [0x00000000ac000000, 0x00000000aee80000, 0x00000000c0000000)
  object space 47616K, 99% used [0x00000000ac000000,0x00000000aee6c358,0x00000000aee80000)
GC Heap History (6 events):
Event: 1.006 GC heap before
{Heap before GC invocations=1 (full 0):
 PSYoungGen      total 76800K, used 66048K [0x00000000eaa80000, 0x00000000f0000000, 0x0000000100000000)
  eden space 66048K, 100% used [0x00000000eaa80000,0x00000000eeb00000,0x00000000eeb00000)
  from space 10752K, 0% used [0x00000000ef580000,0x00000000ef580000,0x00000000f0000000)
  to   space 10752K, 0% used [0x00000000eeb00000,0x00000000eeb00000,0x00000000ef580000)
 ParOldGen       total 175104K, used 0K [0x00000000c0000000, 0x00000000cab00000, 0x00000000eaa80000)
  object space 175104K, 0% used [0x00000000c0000000,0x00000000c0000000,0x00000000cab00000)
 PSPermGen       total 21504K, used 10986K [0x00000000ac000000, 0x00000000ad500000, 0x00000000c0000000)
  object space 21504K, 51% used [0x00000000ac000000,0x00000000acaba808,0x00000000ad500000)
Event: 1.014 GC heap after
Heap after GC invocations=1 (full 0):
 PSYoungGen      total 76800K, used 10739K [0x00000000eaa80000, 0x00000000f0000000, 0x0000000100000000)
  eden space 66048K, 0% used [0x00000000eaa80000,0x00000000eaa80000,0x00000000eeb00000)
  from space 10752K, 99% used [0x00000000eeb00000,0x00000000ef57cff8,0x00000000ef580000)
  to   space 10752K, 0% used [0x00000000ef580000,0x00000000ef580000,0x00000000f0000000)
 ParOldGen       total 175104K, used 4995K [0x00000000c0000000, 0x00000000cab00000, 0x00000000eaa80000)
  object space 175104K, 2% used [0x00000000c0000000,0x00000000c04e0c88,0x00000000cab00000)
 PSPermGen       total 21504K, used 10986K [0x00000000ac000000, 0x00000000ad500000, 0x00000000c0000000)
  object space 21504K, 51% used [0x00000000ac000000,0x00000000acaba808,0x00000000ad500000)
}
Event: 20.318 GC heap before
{Heap before GC invocations=2 (full 0):
 PSYoungGen      total 76800K, used 76787K [0x00000000eaa80000, 0x00000000f0000000, 0x0000000100000000)
  eden space 66048K, 100% used [0x00000000eaa80000,0x00000000eeb00000,0x00000000eeb00000)
  from space 10752K, 99% used [0x00000000eeb00000,0x00000000ef57cff8,0x00000000ef580000)
  to   space 10752K, 0% used [0x00000000ef580000,0x00000000ef580000,0x00000000f0000000)
 ParOldGen       total 175104K, used 4995K [0x00000000c0000000, 0x00000000cab00000, 0x00000000eaa80000)
  object space 175104K, 2% used [0x00000000c0000000,0x00000000c04e0c88,0x00000000cab00000)
 PSPermGen       total 28672K, used 28263K [0x00000000ac000000, 0x00000000adc00000, 0x00000000c0000000)
  object space 28672K, 98% used [0x00000000ac000000,0x00000000adb99d98,0x00000000adc00000)
Event: 20.338 GC heap after
Heap after GC invocations=2 (full 0):
 PSYoungGen      total 76800K, used 10749K [0x00000000eaa80000, 0x00000000f0000000, 0x0000000100000000)
  eden space 66048K, 0% used [0x00000000eaa80000,0x00000000eaa80000,0x00000000eeb00000)
  from space 10752K, 99% used [0x00000000ef580000,0x00000000effff798,0x00000000f0000000)
  to   space 10752K, 0% used [0x00000000eeb00000,0x00000000eeb00000,0x00000000ef580000)
 ParOldGen       total 175104K, used 23104K [0x00000000c0000000, 0x00000000cab00000, 0x00000000eaa80000)
  object space 175104K, 13% used [0x00000000c0000000,0x00000000c16900d0,0x00000000cab00000)
 PSPermGen       total 28672K, used 28263K [0x00000000ac000000, 0x00000000adc00000, 0x00000000c0000000)
  object space 28672K, 98% used [0x00000000ac000000,0x00000000adb99d98,0x00000000adc00000)
}
Event: 21.279 GC heap before
{Heap before GC invocations=3 (full 0):
 PSYoungGen      total 76800K, used 76797K [0x00000000eaa80000, 0x00000000f0000000, 0x0000000100000000)
  eden space 66048K, 100% used [0x00000000eaa80000,0x00000000eeb00000,0x00000000eeb00000)
  from space 10752K, 99% used [0x00000000ef580000,0x00000000effff798,0x00000000f0000000)
  to   space 10752K, 0% used [0x00000000eeb00000,0x00000000eeb00000,0x00000000ef580000)
 ParOldGen       total 175104K, used 23104K [0x00000000c0000000, 0x00000000cab00000, 0x00000000eaa80000)
  object space 175104K, 13% used [0x00000000c0000000,0x00000000c16900d0,0x00000000cab00000)
 PSPermGen       total 41984K, used 41622K [0x00000000ac000000, 0x00000000ae900000, 0x00000000c0000000)
  object space 41984K, 99% used [0x00000000ac000000,0x00000000ae8a5b80,0x00000000ae900000)
Event: 21.294 GC heap after
Heap after GC invocations=3 (full 0):
 PSYoungGen      total 76800K, used 10734K [0x00000000eaa80000, 0x00000000f0000000, 0x0000000100000000)
  eden space 66048K, 0% used [0x00000000eaa80000,0x00000000eaa80000,0x00000000eeb00000)
  from space 10752K, 99% used [0x00000000eeb00000,0x00000000ef57ba28,0x00000000ef580000)
  to   space 10752K, 0% used [0x00000000ef580000,0x00000000ef580000,0x00000000f0000000)
 ParOldGen       total 175104K, used 39811K [0x00000000c0000000, 0x00000000cab00000, 0x00000000eaa80000)
  object space 175104K, 22% used [0x00000000c0000000,0x00000000c26e0e60,0x00000000cab00000)
 PSPermGen       total 41984K, used 41622K [0x00000000ac000000, 0x00000000ae900000, 0x00000000c0000000)
  object space 41984K, 99% used [0x00000000ac000000,0x00000000ae8a5b80,0x00000000ae900000)
}

