# JRE version: OpenJDK Runtime Environment (7.0_79-b14) (build 1.7.0_79-b14)
# Java VM: OpenJDK 64-Bit Server VM (24.79-b02 mixed mode linux-amd64 compressed oops)
Heap
 PSYoungGen      total 178688K, used 79277K [0x00000000eaa80000, 0x00000000f6680000, 0x0000000100000000)
  eden space 166912K, 42% used [0x00000000eaa80000,0x00000000eef916a8,0x00000000f4d80000)
  from space 11776K, 72% used [0x00000000f5b00000,0x00000000f6359dd0,0x00000000f6680000)
  to   space 12800K, 0% used [0x00000000f4d80000,0x00000000f4d80000,0x00000000f5a00000)
 ParOldGen       total 245760K, used 189063K [0x00000000c0000000, 0x00000000cf000000, 0x00000000eaa80000)
  object space 245760K, 76% used [0x00000000c0000000,0x00000000cb8a1da0,0x00000000cf000000)
 PSPermGen       total 108544K, used 101718K [0x00000000ac000000, 0x00000000b2a00000, 0x00000000c0000000)
  object space 108544K, 93% used [0x00000000ac000000,0x00000000b2355a38,0x00000000b2a00000)
GC Heap History (10 events):
Event: 9260.780 GC heap before
{Heap before GC invocations=846 (full 122):
 PSYoungGen      total 142336K, used 129934K [0x00000000eaa80000, 0x00000000f4e00000, 0x0000000100000000)
  eden space 125440K, 100% used [0x00000000eaa80000,0x00000000f2500000,0x00000000f2500000)
  from space 16896K, 26% used [0x00000000f2500000,0x00000000f2963ac0,0x00000000f3580000)
  to   space 15872K, 0% used [0x00000000f3e80000,0x00000000f3e80000,0x00000000f4e00000)
 ParOldGen       total 245760K, used 189063K [0x00000000c0000000, 0x00000000cf000000, 0x00000000eaa80000)
  object space 245760K, 76% used [0x00000000c0000000,0x00000000cb8a1da0,0x00000000cf000000)
 PSPermGen       total 108544K, used 101713K [0x00000000ac000000, 0x00000000b2a00000, 0x00000000c0000000)
  object space 108544K, 93% used [0x00000000ac000000,0x00000000b2354628,0x00000000b2a00000)
Event: 9260.786 GC heap after
Heap after GC invocations=846 (full 122):
 PSYoungGen      total 152576K, used 4657K [0x00000000eaa80000, 0x00000000f5000000, 0x0000000100000000)
  eden space 136704K, 0% used [0x00000000eaa80000,0x00000000eaa80000,0x00000000f3000000)
  from space 15872K, 29% used [0x00000000f3e80000,0x00000000f430c620,0x00000000f4e00000)
  to   space 14848K, 0% used [0x00000000f3000000,0x00000000f3000000,0x00000000f3e80000)
 ParOldGen       total 245760K, used 189063K [0x00000000c0000000, 0x00000000cf000000, 0x00000000eaa80000)
  object space 245760K, 76% used [0x00000000c0000000,0x00000000cb8a1da0,0x00000000cf000000)
 PSPermGen       total 108544K, used 101713K [0x00000000ac000000, 0x00000000b2a00000, 0x00000000c0000000)
  object space 108544K, 93% used [0x00000000ac000000,0x00000000b2354628,0x00000000b2a00000)
}
Event: 9267.119 GC heap before
{Heap before GC invocations=847 (full 122):
 PSYoungGen      total 152576K, used 141361K [0x00000000eaa80000, 0x00000000f5000000, 0x0000000100000000)
  eden space 136704K, 100% used [0x00000000eaa80000,0x00000000f3000000,0x00000000f3000000)
  from space 15872K, 29% used [0x00000000f3e80000,0x00000000f430c620,0x00000000f4e00000)
  to   space 14848K, 0% used [0x00000000f3000000,0x00000000f3000000,0x00000000f3e80000)
 ParOldGen       total 245760K, used 189063K [0x00000000c0000000, 0x00000000cf000000, 0x00000000eaa80000)
  object space 245760K, 76% used [0x00000000c0000000,0x00000000cb8a1da0,0x00000000cf000000)
 PSPermGen       total 108544K, used 101713K [0x00000000ac000000, 0x00000000b2a00000, 0x00000000c0000000)
  object space 108544K, 93% used [0x00000000ac000000,0x00000000b23546d0,0x00000000b2a00000)
Event: 9267.124 GC heap after
Heap after GC invocations=847 (full 122):
 PSYoungGen      total 151552K, used 5585K [0x00000000eaa80000, 0x00000000f5a00000, 0x0000000100000000)
  eden space 136704K, 0% used [0x00000000eaa80000,0x00000000eaa80000,0x00000000f3000000)
  from space 14848K, 37% used [0x00000000f3000000,0x00000000f3574650,0x00000000f3e80000)
  to   space 14336K, 0% used [0x00000000f4c00000,0x00000000f4c00000,0x00000000f5a00000)
 ParOldGen       total 245760K, used 189063K [0x00000000c0000000, 0x00000000cf000000, 0x00000000eaa80000)
  object space 245760K, 76% used [0x00000000c0000000,0x00000000cb8a1da0,0x00000000cf000000)
 PSPermGen       total 108544K, used 101713K [0x00000000ac000000, 0x00000000b2a00000, 0x00000000c0000000)
  object space 108544K, 93% used [0x00000000ac000000,0x00000000b23546d0,0x00000000b2a00000)
}
Event: 9267.594 GC heap before
{Heap before GC invocations=848 (full 122):
 PSYoungGen      total 151552K, used 142289K [0x00000000eaa80000, 0x00000000f5a00000, 0x0000000100000000)
  eden space 136704K, 100% used [0x00000000eaa80000,0x00000000f3000000,0x00000000f3000000)
  from space 14848K, 37% used [0x00000000f3000000,0x00000000f3574650,0x00000000f3e80000)
  to   space 14336K, 0% used [0x00000000f4c00000,0x00000000f4c00000,0x00000000f5a00000)
 ParOldGen       total 245760K, used 189063K [0x00000000c0000000, 0x00000000cf000000, 0x00000000eaa80000)
  object space 245760K, 76% used [0x00000000c0000000,0x00000000cb8a1da0,0x00000000cf000000)
 PSPermGen       total 108544K, used 101714K [0x00000000ac000000, 0x00000000b2a00000, 0x00000000c0000000)
  object space 108544K, 93% used [0x00000000ac000000,0x00000000b2354938,0x00000000b2a00000)
Event: 9267.601 GC heap after
Heap after GC invocations=848 (full 122):
 PSYoungGen      total 165888K, used 5228K [0x00000000eaa80000, 0x00000000f5980000, 0x0000000100000000)
  eden space 152064K, 0% used [0x00000000eaa80000,0x00000000eaa80000,0x00000000f3f00000)
  from space 13824K, 37% used [0x00000000f4c00000,0x00000000f511b050,0x00000000f5980000)
  to   space 13312K, 0% used [0x00000000f3f00000,0x00000000f3f00000,0x00000000f4c00000)
 ParOldGen       total 245760K, used 189063K [0x00000000c0000000, 0x00000000cf000000, 0x00000000eaa80000)
  object space 245760K, 76% used [0x00000000c0000000,0x00000000cb8a1da0,0x00000000cf000000)
 PSPermGen       total 108544K, used 101714K [0x00000000ac000000, 0x00000000b2a00000, 0x00000000c0000000)
  object space 108544K, 93% used [0x00000000ac000000,0x00000000b2354938,0x00000000b2a00000)
}
Event: 9268.633 GC heap before
{Heap before GC invocations=849 (full 122):
 PSYoungGen      total 165888K, used 157292K [0x00000000eaa80000, 0x00000000f5980000, 0x0000000100000000)
  eden space 152064K, 100% used [0x00000000eaa80000,0x00000000f3f00000,0x00000000f3f00000)
  from space 13824K, 37% used [0x00000000f4c00000,0x00000000f511b050,0x00000000f5980000)
  to   space 13312K, 0% used [0x00000000f3f00000,0x00000000f3f00000,0x00000000f4c00000)
 ParOldGen       total 245760K, used 189063K [0x00000000c0000000, 0x00000000cf000000, 0x00000000eaa80000)
  object space 245760K, 76% used [0x00000000c0000000,0x00000000cb8a1da0,0x00000000cf000000)
 PSPermGen       total 108544K, used 101718K [0x00000000ac000000, 0x00000000b2a00000, 0x00000000c0000000)
  object space 108544K, 93% used [0x00000000ac000000,0x00000000b23559b8,0x00000000b2a00000)
Event: 9268.638 GC heap after
Heap after GC invocations=849 (full 122):
 PSYoungGen      total 165376K, used 5191K [0x00000000eaa80000, 0x00000000f6700000, 0x0000000100000000)
  eden space 152064K, 0% used [0x00000000eaa80000,0x00000000eaa80000,0x00000000f3f00000)
  from space 13312K, 38% used [0x00000000f3f00000,0x00000000f4411d90,0x00000000f4c00000)
  to   space 12288K, 0% used [0x00000000f5b00000,0x00000000f5b00000,0x00000000f6700000)
 ParOldGen       total 245760K, used 189063K [0x00000000c0000000, 0x00000000cf000000, 0x00000000eaa80000)
  object space 245760K, 76% used [0x00000000c0000000,0x00000000cb8a1da0,0x00000000cf000000)
 PSPermGen       total 108544K, used 101718K [0x00000000ac000000, 0x00000000b2a00000, 0x00000000c0000000)
  object space 108544K, 93% used [0x00000000ac000000,0x00000000b23559b8,0x00000000b2a00000)
}
Event: 9276.922 GC heap before
{Heap before GC invocations=850 (full 122):
 PSYoungGen      total 165376K, used 157255K [0x00000000eaa80000, 0x00000000f6700000, 0x0000000100000000)
  eden space 152064K, 100% used [0x00000000eaa80000,0x00000000f3f00000,0x00000000f3f00000)
  from space 13312K, 38% used [0x00000000f3f00000,0x00000000f4411d90,0x00000000f4c00000)
  to   space 12288K, 0% used [0x00000000f5b00000,0x00000000f5b00000,0x00000000f6700000)
 ParOldGen       total 245760K, used 189063K [0x00000000c0000000, 0x00000000cf000000, 0x00000000eaa80000)
  object space 245760K, 76% used [0x00000000c0000000,0x00000000cb8a1da0,0x00000000cf000000)
 PSPermGen       total 108544K, used 101718K [0x00000000ac000000, 0x00000000b2a00000, 0x00000000c0000000)
  object space 108544K, 93% used [0x00000000ac000000,0x00000000b2355a38,0x00000000b2a00000)
Event: 9276.931 GC heap after
Heap after GC invocations=850 (full 122):
 PSYoungGen      total 178688K, used 8551K [0x00000000eaa80000, 0x00000000f6680000, 0x0000000100000000)
  eden space 166912K, 0% used [0x00000000eaa80000,0x00000000eaa80000,0x00000000f4d80000)
  from space 11776K, 72% used [0x00000000f5b00000,0x00000000f6359dd0,0x00000000f6680000)
  to   space 12800K, 0% used [0x00000000f4d80000,0x00000000f4d80000,0x00000000f5a00000)
 ParOldGen       total 245760K, used 189063K [0x00000000c0000000, 0x00000000cf000000, 0x00000000eaa80000)
  object space 245760K, 76% used [0x00000000c0000000,0x00000000cb8a1da0,0x00000000cf000000)
 PSPermGen       total 108544K, used 101718K [0x00000000ac000000, 0x00000000b2a00000, 0x00000000c0000000)
  object space 108544K, 93% used [0x00000000ac000000,0x00000000b2355a38,0x00000000b2a00000)
}

