# JRE version: OpenJDK Runtime Environment (7.0_79-b14) (build 1.7.0_79-b14)
# Java VM: OpenJDK 64-Bit Server VM (24.79-b02 mixed mode linux-amd64 compressed oops)
Heap
 PSYoungGen      total 158720K, used 81353K [0x00000000eaa80000, 0x00000000f8d00000, 0x0000000100000000)
  eden space 157696K, 51% used [0x00000000eaa80000,0x00000000ef9f25a0,0x00000000f4480000)
  from space 1024K, 0% used [0x00000000f8c00000,0x00000000f8c00000,0x00000000f8d00000)
  to   space 3072K, 0% used [0x00000000f8700000,0x00000000f8700000,0x00000000f8a00000)
 ParOldGen       total 175104K, used 105745K [0x00000000c0000000, 0x00000000cab00000, 0x00000000eaa80000)
  object space 175104K, 60% used [0x00000000c0000000,0x00000000c6744778,0x00000000cab00000)
 PSPermGen       total 80384K, used 73447K [0x00000000ac000000, 0x00000000b0e80000, 0x00000000c0000000)
  object space 80384K, 91% used [0x00000000ac000000,0x00000000b07b9c00,0x00000000b0e80000)
GC Heap History (10 events):
Event: 1535.265 GC heap before
{Heap before GC invocations=118 (full 18):
 PSYoungGen      total 164864K, used 151015K [0x00000000eaa80000, 0x00000000f9280000, 0x0000000100000000)
  eden space 163328K, 91% used [0x00000000eaa80000,0x00000000f3c802a8,0x00000000f4a00000)
  from space 1536K, 98% used [0x00000000f8c80000,0x00000000f8df9c60,0x00000000f8e00000)
  to   space 3584K, 0% used [0x00000000f8f00000,0x00000000f8f00000,0x00000000f9280000)
 ParOldGen       total 175104K, used 105430K [0x00000000c0000000, 0x00000000cab00000, 0x00000000eaa80000)
  object space 175104K, 60% used [0x00000000c0000000,0x00000000c66f5820,0x00000000cab00000)
 PSPermGen       total 82944K, used 72862K [0x00000000ac000000, 0x00000000b1100000, 0x00000000c0000000)
  object space 82944K, 87% used [0x00000000ac000000,0x00000000b0727928,0x00000000b1100000)
Event: 1535.268 GC heap after
Heap after GC invocations=118 (full 18):
 PSYoungGen      total 163840K, used 480K [0x00000000eaa80000, 0x00000000f8f80000, 0x0000000100000000)
  eden space 163328K, 0% used [0x00000000eaa80000,0x00000000eaa80000,0x00000000f4a00000)
  from space 512K, 93% used [0x00000000f8f00000,0x00000000f8f78000,0x00000000f8f80000)
  to   space 3584K, 0% used [0x00000000f8880000,0x00000000f8880000,0x00000000f8c00000)
 ParOldGen       total 175104K, used 106389K [0x00000000c0000000, 0x00000000cab00000, 0x00000000eaa80000)
  object space 175104K, 60% used [0x00000000c0000000,0x00000000c67e54e0,0x00000000cab00000)
 PSPermGen       total 82944K, used 72862K [0x00000000ac000000, 0x00000000b1100000, 0x00000000c0000000)
  object space 82944K, 87% used [0x00000000ac000000,0x00000000b0727928,0x00000000b1100000)
}
Event: 1535.268 GC heap before
{Heap before GC invocations=119 (full 19):
 PSYoungGen      total 163840K, used 480K [0x00000000eaa80000, 0x00000000f8f80000, 0x0000000100000000)
  eden space 163328K, 0% used [0x00000000eaa80000,0x00000000eaa80000,0x00000000f4a00000)
  from space 512K, 93% used [0x00000000f8f00000,0x00000000f8f78000,0x00000000f8f80000)
  to   space 3584K, 0% used [0x00000000f8880000,0x00000000f8880000,0x00000000f8c00000)
 ParOldGen       total 175104K, used 106389K [0x00000000c0000000, 0x00000000cab00000, 0x00000000eaa80000)
  object space 175104K, 60% used [0x00000000c0000000,0x00000000c67e54e0,0x00000000cab00000)
 PSPermGen       total 82944K, used 72862K [0x00000000ac000000, 0x00000000b1100000, 0x00000000c0000000)
  object space 82944K, 87% used [0x00000000ac000000,0x00000000b0727928,0x00000000b1100000)
Event: 1535.506 GC heap after
Heap after GC invocations=119 (full 19):
 PSYoungGen      total 163840K, used 0K [0x00000000eaa80000, 0x00000000f8f80000, 0x0000000100000000)
  eden space 163328K, 0% used [0x00000000eaa80000,0x00000000eaa80000,0x00000000f4a00000)
  from space 512K, 0% used [0x00000000f8f00000,0x00000000f8f00000,0x00000000f8f80000)
  to   space 3584K, 0% used [0x00000000f8880000,0x00000000f8880000,0x00000000f8c00000)
 ParOldGen       total 175104K, used 104740K [0x00000000c0000000, 0x00000000cab00000, 0x00000000eaa80000)
  object space 175104K, 59% used [0x00000000c0000000,0x00000000c66493e0,0x00000000cab00000)
 PSPermGen       total 81408K, used 72862K [0x00000000ac000000, 0x00000000b0f80000, 0x00000000c0000000)
  object space 81408K, 89% used [0x00000000ac000000,0x00000000b07278e8,0x00000000b0f80000)
}
Event: 1563.696 GC heap before
{Heap before GC invocations=120 (full 19):
 PSYoungGen      total 163840K, used 163328K [0x00000000eaa80000, 0x00000000f8f80000, 0x0000000100000000)
  eden space 163328K, 100% used [0x00000000eaa80000,0x00000000f4a00000,0x00000000f4a00000)
  from space 512K, 0% used [0x00000000f8f00000,0x00000000f8f00000,0x00000000f8f80000)
  to   space 3584K, 0% used [0x00000000f8880000,0x00000000f8880000,0x00000000f8c00000)
 ParOldGen       total 175104K, used 104740K [0x00000000c0000000, 0x00000000cab00000, 0x00000000eaa80000)
  object space 175104K, 59% used [0x00000000c0000000,0x00000000c66493e0,0x00000000cab00000)
 PSPermGen       total 81408K, used 72905K [0x00000000ac000000, 0x00000000b0f80000, 0x00000000c0000000)
  object space 81408K, 89% used [0x00000000ac000000,0x00000000b0732750,0x00000000b0f80000)
Event: 1563.699 GC heap after
Heap after GC invocations=120 (full 19):
 PSYoungGen      total 161280K, used 1728K [0x00000000eaa80000, 0x00000000f8f80000, 0x0000000100000000)
  eden space 157696K, 0% used [0x00000000eaa80000,0x00000000eaa80000,0x00000000f4480000)
  from space 3584K, 48% used [0x00000000f8880000,0x00000000f8a30000,0x00000000f8c00000)
  to   space 3584K, 0% used [0x00000000f8c00000,0x00000000f8c00000,0x00000000f8f80000)
 ParOldGen       total 175104K, used 104740K [0x00000000c0000000, 0x00000000cab00000, 0x00000000eaa80000)
  object space 175104K, 59% used [0x00000000c0000000,0x00000000c66493e0,0x00000000cab00000)
 PSPermGen       total 81408K, used 72905K [0x00000000ac000000, 0x00000000b0f80000, 0x00000000c0000000)
  object space 81408K, 89% used [0x00000000ac000000,0x00000000b0732750,0x00000000b0f80000)
}
Event: 1599.581 GC heap before
{Heap before GC invocations=121 (full 19):
 PSYoungGen      total 161280K, used 135491K [0x00000000eaa80000, 0x00000000f8f80000, 0x0000000100000000)
  eden space 157696K, 84% used [0x00000000eaa80000,0x00000000f2d20cc0,0x00000000f4480000)
  from space 3584K, 48% used [0x00000000f8880000,0x00000000f8a30000,0x00000000f8c00000)
  to   space 3584K, 0% used [0x00000000f8c00000,0x00000000f8c00000,0x00000000f8f80000)
 ParOldGen       total 175104K, used 104740K [0x00000000c0000000, 0x00000000cab00000, 0x00000000eaa80000)
  object space 175104K, 59% used [0x00000000c0000000,0x00000000c66493e0,0x00000000cab00000)
 PSPermGen       total 81408K, used 73003K [0x00000000ac000000, 0x00000000b0f80000, 0x00000000c0000000)
  object space 81408K, 89% used [0x00000000ac000000,0x00000000b074afd8,0x00000000b0f80000)
Event: 1599.585 GC heap after
Heap after GC invocations=121 (full 19):
 PSYoungGen      total 158720K, used 608K [0x00000000eaa80000, 0x00000000f8d00000, 0x0000000100000000)
  eden space 157696K, 0% used [0x00000000eaa80000,0x00000000eaa80000,0x00000000f4480000)
  from space 1024K, 59% used [0x00000000f8c00000,0x00000000f8c98000,0x00000000f8d00000)
  to   space 3072K, 0% used [0x00000000f8700000,0x00000000f8700000,0x00000000f8a00000)
 ParOldGen       total 175104K, used 105996K [0x00000000c0000000, 0x00000000cab00000, 0x00000000eaa80000)
  object space 175104K, 60% used [0x00000000c0000000,0x00000000c67833e0,0x00000000cab00000)
 PSPermGen       total 81408K, used 73003K [0x00000000ac000000, 0x00000000b0f80000, 0x00000000c0000000)
  object space 81408K, 89% used [0x00000000ac000000,0x00000000b074afd8,0x00000000b0f80000)
}
Event: 1599.585 GC heap before
{Heap before GC invocations=122 (full 20):
 PSYoungGen      total 158720K, used 608K [0x00000000eaa80000, 0x00000000f8d00000, 0x0000000100000000)
  eden space 157696K, 0% used [0x00000000eaa80000,0x00000000eaa80000,0x00000000f4480000)
  from space 1024K, 59% used [0x00000000f8c00000,0x00000000f8c98000,0x00000000f8d00000)
  to   space 3072K, 0% used [0x00000000f8700000,0x00000000f8700000,0x00000000f8a00000)
 ParOldGen       total 175104K, used 105996K [0x00000000c0000000, 0x00000000cab00000, 0x00000000eaa80000)
  object space 175104K, 60% used [0x00000000c0000000,0x00000000c67833e0,0x00000000cab00000)
 PSPermGen       total 81408K, used 73003K [0x00000000ac000000, 0x00000000b0f80000, 0x00000000c0000000)
  object space 81408K, 89% used [0x00000000ac000000,0x00000000b074afd8,0x00000000b0f80000)
Event: 1599.819 GC heap after
Heap after GC invocations=122 (full 20):
 PSYoungGen      total 158720K, used 0K [0x00000000eaa80000, 0x00000000f8d00000, 0x0000000100000000)
  eden space 157696K, 0% used [0x00000000eaa80000,0x00000000eaa80000,0x00000000f4480000)
  from space 1024K, 0% used [0x00000000f8c00000,0x00000000f8c00000,0x00000000f8d00000)
  to   space 3072K, 0% used [0x00000000f8700000,0x00000000f8700000,0x00000000f8a00000)
 ParOldGen       total 175104K, used 105745K [0x00000000c0000000, 0x00000000cab00000, 0x00000000eaa80000)
  object space 175104K, 60% used [0x00000000c0000000,0x00000000c6744778,0x00000000cab00000)
 PSPermGen       total 80384K, used 73003K [0x00000000ac000000, 0x00000000b0e80000, 0x00000000c0000000)
  object space 80384K, 90% used [0x00000000ac000000,0x00000000b074ad88,0x00000000b0e80000)
}

