# JRE version: OpenJDK Runtime Environment (7.0_79-b14) (build 1.7.0_79-b14)
# Java VM: OpenJDK 64-Bit Server VM (24.79-b02 mixed mode linux-amd64 compressed oops)
Heap
 PSYoungGen      total 226816K, used 188859K [0x00000000eaa80000, 0x00000000f9080000, 0x0000000100000000)
  eden space 218112K, 86% used [0x00000000eaa80000,0x00000000f62eede8,0x00000000f7f80000)
  from space 8704K, 0% used [0x00000000f7f80000,0x00000000f7f80000,0x00000000f8800000)
  to   space 8704K, 0% used [0x00000000f8800000,0x00000000f8800000,0x00000000f9080000)
 ParOldGen       total 175104K, used 71371K [0x00000000c0000000, 0x00000000cab00000, 0x00000000eaa80000)
  object space 175104K, 40% used [0x00000000c0000000,0x00000000c45b2cd8,0x00000000cab00000)
 PSPermGen       total 91136K, used 89711K [0x00000000ac000000, 0x00000000b1900000, 0x00000000c0000000)
  object space 91136K, 98% used [0x00000000ac000000,0x00000000b179bf60,0x00000000b1900000)
GC Heap History (10 events):
Event: 3303.457 GC heap before
{Heap before GC invocations=218 (full 37):
 PSYoungGen      total 220160K, used 1952K [0x00000000eaa80000, 0x00000000f9880000, 0x0000000100000000)
  eden space 218112K, 0% used [0x00000000eaa80000,0x00000000eaa80000,0x00000000f7f80000)
  from space 2048K, 95% used [0x00000000f8800000,0x00000000f89e8000,0x00000000f8a00000)
  to   space 8704K, 0% used [0x00000000f9000000,0x00000000f9000000,0x00000000f9880000)
 ParOldGen       total 175104K, used 72330K [0x00000000c0000000, 0x00000000cab00000, 0x00000000eaa80000)
  object space 175104K, 41% used [0x00000000c0000000,0x00000000c46a28a8,0x00000000cab00000)
 PSPermGen       total 92160K, used 88895K [0x00000000ac000000, 0x00000000b1a00000, 0x00000000c0000000)
  object space 92160K, 96% used [0x00000000ac000000,0x00000000b16cfe38,0x00000000b1a00000)
Event: 3303.654 GC heap after
Heap after GC invocations=218 (full 37):
 PSYoungGen      total 220160K, used 0K [0x00000000eaa80000, 0x00000000f9880000, 0x0000000100000000)
  eden space 218112K, 0% used [0x00000000eaa80000,0x00000000eaa80000,0x00000000f7f80000)
  from space 2048K, 0% used [0x00000000f8800000,0x00000000f8800000,0x00000000f8a00000)
  to   space 8704K, 0% used [0x00000000f9000000,0x00000000f9000000,0x00000000f9880000)
 ParOldGen       total 175104K, used 72168K [0x00000000c0000000, 0x00000000cab00000, 0x00000000eaa80000)
  object space 175104K, 41% used [0x00000000c0000000,0x00000000c467a268,0x00000000cab00000)
 PSPermGen       total 91648K, used 88895K [0x00000000ac000000, 0x00000000b1980000, 0x00000000c0000000)
  object space 91648K, 96% used [0x00000000ac000000,0x00000000b16cfcf8,0x00000000b1980000)
}
Event: 3363.454 GC heap before
{Heap before GC invocations=219 (full 37):
 PSYoungGen      total 220160K, used 66057K [0x00000000eaa80000, 0x00000000f9880000, 0x0000000100000000)
  eden space 218112K, 30% used [0x00000000eaa80000,0x00000000eeb02538,0x00000000f7f80000)
  from space 2048K, 0% used [0x00000000f8800000,0x00000000f8800000,0x00000000f8a00000)
  to   space 8704K, 0% used [0x00000000f9000000,0x00000000f9000000,0x00000000f9880000)
 ParOldGen       total 175104K, used 72168K [0x00000000c0000000, 0x00000000cab00000, 0x00000000eaa80000)
  object space 175104K, 41% used [0x00000000c0000000,0x00000000c467a268,0x00000000cab00000)
 PSPermGen       total 91648K, used 88902K [0x00000000ac000000, 0x00000000b1980000, 0x00000000c0000000)
  object space 91648K, 97% used [0x00000000ac000000,0x00000000b16d1b70,0x00000000b1980000)
Event: 3363.457 GC heap after
Heap after GC invocations=219 (full 37):
 PSYoungGen      total 218624K, used 416K [0x00000000eaa80000, 0x00000000f9080000, 0x0000000100000000)
  eden space 218112K, 0% used [0x00000000eaa80000,0x00000000eaa80000,0x00000000f7f80000)
  from space 512K, 81% used [0x00000000f9000000,0x00000000f9068000,0x00000000f9080000)
  to   space 8704K, 0% used [0x00000000f7f80000,0x00000000f7f80000,0x00000000f8800000)
 ParOldGen       total 175104K, used 72168K [0x00000000c0000000, 0x00000000cab00000, 0x00000000eaa80000)
  object space 175104K, 41% used [0x00000000c0000000,0x00000000c467a268,0x00000000cab00000)
 PSPermGen       total 91648K, used 88902K [0x00000000ac000000, 0x00000000b1980000, 0x00000000c0000000)
  object space 91648K, 97% used [0x00000000ac000000,0x00000000b16d1b70,0x00000000b1980000)
}
Event: 3363.457 GC heap before
{Heap before GC invocations=220 (full 38):
 PSYoungGen      total 218624K, used 416K [0x00000000eaa80000, 0x00000000f9080000, 0x0000000100000000)
  eden space 218112K, 0% used [0x00000000eaa80000,0x00000000eaa80000,0x00000000f7f80000)
  from space 512K, 81% used [0x00000000f9000000,0x00000000f9068000,0x00000000f9080000)
  to   space 8704K, 0% used [0x00000000f7f80000,0x00000000f7f80000,0x00000000f8800000)
 ParOldGen       total 175104K, used 72168K [0x00000000c0000000, 0x00000000cab00000, 0x00000000eaa80000)
  object space 175104K, 41% used [0x00000000c0000000,0x00000000c467a268,0x00000000cab00000)
 PSPermGen       total 91648K, used 88902K [0x00000000ac000000, 0x00000000b1980000, 0x00000000c0000000)
  object space 91648K, 97% used [0x00000000ac000000,0x00000000b16d1b70,0x00000000b1980000)
Event: 3363.640 GC heap after
Heap after GC invocations=220 (full 38):
 PSYoungGen      total 218624K, used 0K [0x00000000eaa80000, 0x00000000f9080000, 0x0000000100000000)
  eden space 218112K, 0% used [0x00000000eaa80000,0x00000000eaa80000,0x00000000f7f80000)
  from space 512K, 0% used [0x00000000f9000000,0x00000000f9000000,0x00000000f9080000)
  to   space 8704K, 0% used [0x00000000f7f80000,0x00000000f7f80000,0x00000000f8800000)
 ParOldGen       total 175104K, used 71705K [0x00000000c0000000, 0x00000000cab00000, 0x00000000eaa80000)
  object space 175104K, 40% used [0x00000000c0000000,0x00000000c4606680,0x00000000cab00000)
 PSPermGen       total 91648K, used 88902K [0x00000000ac000000, 0x00000000b1980000, 0x00000000c0000000)
  object space 91648K, 97% used [0x00000000ac000000,0x00000000b16d1b50,0x00000000b1980000)
}
Event: 3423.454 GC heap before
{Heap before GC invocations=221 (full 38):
 PSYoungGen      total 218624K, used 51158K [0x00000000eaa80000, 0x00000000f9080000, 0x0000000100000000)
  eden space 218112K, 23% used [0x00000000eaa80000,0x00000000edc75858,0x00000000f7f80000)
  from space 512K, 0% used [0x00000000f9000000,0x00000000f9000000,0x00000000f9080000)
  to   space 8704K, 0% used [0x00000000f7f80000,0x00000000f7f80000,0x00000000f8800000)
 ParOldGen       total 175104K, used 71705K [0x00000000c0000000, 0x00000000cab00000, 0x00000000eaa80000)
  object space 175104K, 40% used [0x00000000c0000000,0x00000000c4606680,0x00000000cab00000)
 PSPermGen       total 91648K, used 88902K [0x00000000ac000000, 0x00000000b1980000, 0x00000000c0000000)
  object space 91648K, 97% used [0x00000000ac000000,0x00000000b16d1b90,0x00000000b1980000)
Event: 3423.457 GC heap after
Heap after GC invocations=221 (full 38):
 PSYoungGen      total 226816K, used 352K [0x00000000eaa80000, 0x00000000f9080000, 0x0000000100000000)
  eden space 218112K, 0% used [0x00000000eaa80000,0x00000000eaa80000,0x00000000f7f80000)
  from space 8704K, 4% used [0x00000000f7f80000,0x00000000f7fd8000,0x00000000f8800000)
  to   space 8704K, 0% used [0x00000000f8800000,0x00000000f8800000,0x00000000f9080000)
 ParOldGen       total 175104K, used 71705K [0x00000000c0000000, 0x00000000cab00000, 0x00000000eaa80000)
  object space 175104K, 40% used [0x00000000c0000000,0x00000000c4606680,0x00000000cab00000)
 PSPermGen       total 91648K, used 88902K [0x00000000ac000000, 0x00000000b1980000, 0x00000000c0000000)
  object space 91648K, 97% used [0x00000000ac000000,0x00000000b16d1b90,0x00000000b1980000)
}
Event: 3423.457 GC heap before
{Heap before GC invocations=222 (full 39):
 PSYoungGen      total 226816K, used 352K [0x00000000eaa80000, 0x00000000f9080000, 0x0000000100000000)
  eden space 218112K, 0% used [0x00000000eaa80000,0x00000000eaa80000,0x00000000f7f80000)
  from space 8704K, 4% used [0x00000000f7f80000,0x00000000f7fd8000,0x00000000f8800000)
  to   space 8704K, 0% used [0x00000000f8800000,0x00000000f8800000,0x00000000f9080000)
 ParOldGen       total 175104K, used 71705K [0x00000000c0000000, 0x00000000cab00000, 0x00000000eaa80000)
  object space 175104K, 40% used [0x00000000c0000000,0x00000000c4606680,0x00000000cab00000)
 PSPermGen       total 91648K, used 88902K [0x00000000ac000000, 0x00000000b1980000, 0x00000000c0000000)
  object space 91648K, 97% used [0x00000000ac000000,0x00000000b16d1b90,0x00000000b1980000)
Event: 3423.640 GC heap after
Heap after GC invocations=222 (full 39):
 PSYoungGen      total 226816K, used 0K [0x00000000eaa80000, 0x00000000f9080000, 0x0000000100000000)
  eden space 218112K, 0% used [0x00000000eaa80000,0x00000000eaa80000,0x00000000f7f80000)
  from space 8704K, 0% used [0x00000000f7f80000,0x00000000f7f80000,0x00000000f8800000)
  to   space 8704K, 0% used [0x00000000f8800000,0x00000000f8800000,0x00000000f9080000)
 ParOldGen       total 175104K, used 71371K [0x00000000c0000000, 0x00000000cab00000, 0x00000000eaa80000)
  object space 175104K, 40% used [0x00000000c0000000,0x00000000c45b2cd8,0x00000000cab00000)
 PSPermGen       total 91136K, used 88902K [0x00000000ac000000, 0x00000000b1900000, 0x00000000c0000000)
  object space 91136K, 97% used [0x00000000ac000000,0x00000000b16d1b70,0x00000000b1900000)
}

