# JRE version: OpenJDK Runtime Environment (7.0_79-b14) (build 1.7.0_79-b14)
# Java VM: OpenJDK 64-Bit Server VM (24.79-b02 mixed mode linux-amd64 compressed oops)
Heap
 PSYoungGen      total 287744K, used 123577K [0x00000000eaa80000, 0x00000000fe300000, 0x0000000100000000)
  eden space 286720K, 43% used [0x00000000eaa80000,0x00000000f232e788,0x00000000fc280000)
  from space 1024K, 0% used [0x00000000fd600000,0x00000000fd600000,0x00000000fd700000)
  to   space 7168K, 0% used [0x00000000fdc00000,0x00000000fdc00000,0x00000000fe300000)
 ParOldGen       total 297472K, used 171360K [0x00000000c0000000, 0x00000000d2280000, 0x00000000eaa80000)
  object space 297472K, 57% used [0x00000000c0000000,0x00000000ca758270,0x00000000d2280000)
 PSPermGen       total 93184K, used 92502K [0x00000000ac000000, 0x00000000b1b00000, 0x00000000c0000000)
  object space 93184K, 99% used [0x00000000ac000000,0x00000000b1a55950,0x00000000b1b00000)
GC Heap History (10 events):
Event: 10459.063 GC heap before
{Heap before GC invocations=1640 (full 104):
 PSYoungGen      total 310272K, used 1600K [0x00000000eaa80000, 0x00000000feb00000, 0x0000000100000000)
  eden space 308224K, 0% used [0x00000000eaa80000,0x00000000eaa80000,0x00000000fd780000)
  from space 2048K, 78% used [0x00000000fe900000,0x00000000fea90000,0x00000000feb00000)
  to   space 7168K, 0% used [0x00000000fdd00000,0x00000000fdd00000,0x00000000fe400000)
 ParOldGen       total 297472K, used 174385K [0x00000000c0000000, 0x00000000d2280000, 0x00000000eaa80000)
  object space 297472K, 58% used [0x00000000c0000000,0x00000000caa4c608,0x00000000d2280000)
 PSPermGen       total 93184K, used 92489K [0x00000000ac000000, 0x00000000b1b00000, 0x00000000c0000000)
  object space 93184K, 99% used [0x00000000ac000000,0x00000000b1a52538,0x00000000b1b00000)
Event: 10459.445 GC heap after
Heap after GC invocations=1640 (full 104):
 PSYoungGen      total 310272K, used 0K [0x00000000eaa80000, 0x00000000feb00000, 0x0000000100000000)
  eden space 308224K, 0% used [0x00000000eaa80000,0x00000000eaa80000,0x00000000fd780000)
  from space 2048K, 0% used [0x00000000fe900000,0x00000000fe900000,0x00000000feb00000)
  to   space 7168K, 0% used [0x00000000fdd00000,0x00000000fdd00000,0x00000000fe400000)
 ParOldGen       total 297472K, used 174029K [0x00000000c0000000, 0x00000000d2280000, 0x00000000eaa80000)
  object space 297472K, 58% used [0x00000000c0000000,0x00000000ca9f37b8,0x00000000d2280000)
 PSPermGen       total 93184K, used 92485K [0x00000000ac000000, 0x00000000b1b00000, 0x00000000c0000000)
  object space 93184K, 99% used [0x00000000ac000000,0x00000000b1a517b8,0x00000000b1b00000)
}
Event: 10477.426 GC heap before
{Heap before GC invocations=1641 (full 104):
 PSYoungGen      total 310272K, used 308224K [0x00000000eaa80000, 0x00000000feb00000, 0x0000000100000000)
  eden space 308224K, 100% used [0x00000000eaa80000,0x00000000fd780000,0x00000000fd780000)
  from space 2048K, 0% used [0x00000000fe900000,0x00000000fe900000,0x00000000feb00000)
  to   space 7168K, 0% used [0x00000000fdd00000,0x00000000fdd00000,0x00000000fe400000)
 ParOldGen       total 297472K, used 174029K [0x00000000c0000000, 0x00000000d2280000, 0x00000000eaa80000)
  object space 297472K, 58% used [0x00000000c0000000,0x00000000ca9f37b8,0x00000000d2280000)
 PSPermGen       total 93184K, used 92497K [0x00000000ac000000, 0x00000000b1b00000, 0x00000000c0000000)
  object space 93184K, 99% used [0x00000000ac000000,0x00000000b1a546f8,0x00000000b1b00000)
Event: 10477.432 GC heap after
Heap after GC invocations=1641 (full 104):
 PSYoungGen      total 300544K, used 3437K [0x00000000eaa80000, 0x00000000fe980000, 0x0000000100000000)
  eden space 296960K, 0% used [0x00000000eaa80000,0x00000000eaa80000,0x00000000fcc80000)
  from space 3584K, 95% used [0x00000000fdd00000,0x00000000fe05b630,0x00000000fe080000)
  to   space 7168K, 0% used [0x00000000fe280000,0x00000000fe280000,0x00000000fe980000)
 ParOldGen       total 297472K, used 174029K [0x00000000c0000000, 0x00000000d2280000, 0x00000000eaa80000)
  object space 297472K, 58% used [0x00000000c0000000,0x00000000ca9f37b8,0x00000000d2280000)
 PSPermGen       total 93184K, used 92497K [0x00000000ac000000, 0x00000000b1b00000, 0x00000000c0000000)
  object space 93184K, 99% used [0x00000000ac000000,0x00000000b1a546f8,0x00000000b1b00000)
}
Event: 10505.298 GC heap before
{Heap before GC invocations=1642 (full 104):
 PSYoungGen      total 300544K, used 300397K [0x00000000eaa80000, 0x00000000fe980000, 0x0000000100000000)
  eden space 296960K, 100% used [0x00000000eaa80000,0x00000000fcc80000,0x00000000fcc80000)
  from space 3584K, 95% used [0x00000000fdd00000,0x00000000fe05b630,0x00000000fe080000)
  to   space 7168K, 0% used [0x00000000fe280000,0x00000000fe280000,0x00000000fe980000)
 ParOldGen       total 297472K, used 174029K [0x00000000c0000000, 0x00000000d2280000, 0x00000000eaa80000)
  object space 297472K, 58% used [0x00000000c0000000,0x00000000ca9f37b8,0x00000000d2280000)
 PSPermGen       total 93184K, used 92499K [0x00000000ac000000, 0x00000000b1b00000, 0x00000000c0000000)
  object space 93184K, 99% used [0x00000000ac000000,0x00000000b1a54e68,0x00000000b1b00000)
Event: 10505.302 GC heap after
Heap after GC invocations=1642 (full 104):
 PSYoungGen      total 288256K, used 1440K [0x00000000eaa80000, 0x00000000fe400000, 0x0000000100000000)
  eden space 286720K, 0% used [0x00000000eaa80000,0x00000000eaa80000,0x00000000fc280000)
  from space 1536K, 93% used [0x00000000fe280000,0x00000000fe3e8000,0x00000000fe400000)
  to   space 7168K, 0% used [0x00000000fd600000,0x00000000fd600000,0x00000000fdd00000)
 ParOldGen       total 297472K, used 174237K [0x00000000c0000000, 0x00000000d2280000, 0x00000000eaa80000)
  object space 297472K, 58% used [0x00000000c0000000,0x00000000caa277b8,0x00000000d2280000)
 PSPermGen       total 93184K, used 92499K [0x00000000ac000000, 0x00000000b1b00000, 0x00000000c0000000)
  object space 93184K, 99% used [0x00000000ac000000,0x00000000b1a54e68,0x00000000b1b00000)
}
Event: 10528.200 GC heap before
{Heap before GC invocations=1643 (full 104):
 PSYoungGen      total 288256K, used 232687K [0x00000000eaa80000, 0x00000000fe400000, 0x0000000100000000)
  eden space 286720K, 80% used [0x00000000eaa80000,0x00000000f8c53fa8,0x00000000fc280000)
  from space 1536K, 93% used [0x00000000fe280000,0x00000000fe3e8000,0x00000000fe400000)
  to   space 7168K, 0% used [0x00000000fd600000,0x00000000fd600000,0x00000000fdd00000)
 ParOldGen       total 297472K, used 174237K [0x00000000c0000000, 0x00000000d2280000, 0x00000000eaa80000)
  object space 297472K, 58% used [0x00000000c0000000,0x00000000caa277b8,0x00000000d2280000)
 PSPermGen       total 93184K, used 92499K [0x00000000ac000000, 0x00000000b1b00000, 0x00000000c0000000)
  object space 93184K, 99% used [0x00000000ac000000,0x00000000b1a54fb8,0x00000000b1b00000)
Event: 10528.213 GC heap after
Heap after GC invocations=1643 (full 104):
 PSYoungGen      total 287744K, used 640K [0x00000000eaa80000, 0x00000000fe300000, 0x0000000100000000)
  eden space 286720K, 0% used [0x00000000eaa80000,0x00000000eaa80000,0x00000000fc280000)
  from space 1024K, 62% used [0x00000000fd600000,0x00000000fd6a0000,0x00000000fd700000)
  to   space 7168K, 0% used [0x00000000fdc00000,0x00000000fdc00000,0x00000000fe300000)
 ParOldGen       total 297472K, used 175401K [0x00000000c0000000, 0x00000000d2280000, 0x00000000eaa80000)
  object space 297472K, 58% used [0x00000000c0000000,0x00000000cab4a7c8,0x00000000d2280000)
 PSPermGen       total 93184K, used 92499K [0x00000000ac000000, 0x00000000b1b00000, 0x00000000c0000000)
  object space 93184K, 99% used [0x00000000ac000000,0x00000000b1a54fb8,0x00000000b1b00000)
}
Event: 10528.213 GC heap before
{Heap before GC invocations=1644 (full 105):
 PSYoungGen      total 287744K, used 640K [0x00000000eaa80000, 0x00000000fe300000, 0x0000000100000000)
  eden space 286720K, 0% used [0x00000000eaa80000,0x00000000eaa80000,0x00000000fc280000)
  from space 1024K, 62% used [0x00000000fd600000,0x00000000fd6a0000,0x00000000fd700000)
  to   space 7168K, 0% used [0x00000000fdc00000,0x00000000fdc00000,0x00000000fe300000)
 ParOldGen       total 297472K, used 175401K [0x00000000c0000000, 0x00000000d2280000, 0x00000000eaa80000)
  object space 297472K, 58% used [0x00000000c0000000,0x00000000cab4a7c8,0x00000000d2280000)
 PSPermGen       total 93184K, used 92499K [0x00000000ac000000, 0x00000000b1b00000, 0x00000000c0000000)
  object space 93184K, 99% used [0x00000000ac000000,0x00000000b1a54fb8,0x00000000b1b00000)
Event: 10528.591 GC heap after
Heap after GC invocations=1644 (full 105):
 PSYoungGen      total 287744K, used 0K [0x00000000eaa80000, 0x00000000fe300000, 0x0000000100000000)
  eden space 286720K, 0% used [0x00000000eaa80000,0x00000000eaa80000,0x00000000fc280000)
  from space 1024K, 0% used [0x00000000fd600000,0x00000000fd600000,0x00000000fd700000)
  to   space 7168K, 0% used [0x00000000fdc00000,0x00000000fdc00000,0x00000000fe300000)
 ParOldGen       total 297472K, used 171360K [0x00000000c0000000, 0x00000000d2280000, 0x00000000eaa80000)
  object space 297472K, 57% used [0x00000000c0000000,0x00000000ca758270,0x00000000d2280000)
 PSPermGen       total 93184K, used 92499K [0x00000000ac000000, 0x00000000b1b00000, 0x00000000c0000000)
  object space 93184K, 99% used [0x00000000ac000000,0x00000000b1a54f78,0x00000000b1b00000)
}

