# JRE version: OpenJDK Runtime Environment (7.0_79-b14) (build 1.7.0_79-b14)
# Java VM: OpenJDK 64-Bit Server VM (24.79-b02 mixed mode linux-amd64 compressed oops)
Heap
 PSYoungGen      total 76288K, used 38465K [0x00000000eaa80000, 0x00000000f2500000, 0x0000000100000000)
  eden space 75264K, 49% used [0x00000000eaa80000,0x00000000ecf30590,0x00000000ef400000)
  from space 1024K, 87% used [0x00000000ef600000,0x00000000ef6e0000,0x00000000ef700000)
  to   space 25088K, 0% used [0x00000000f0c80000,0x00000000f0c80000,0x00000000f2500000)
 ParOldGen       total 175104K, used 52545K [0x00000000c0000000, 0x00000000cab00000, 0x00000000eaa80000)
  object space 175104K, 30% used [0x00000000c0000000,0x00000000c33507a8,0x00000000cab00000)
 PSPermGen       total 164864K, used 82790K [0x00000000ac000000, 0x00000000b6100000, 0x00000000c0000000)
  object space 164864K, 50% used [0x00000000ac000000,0x00000000b10d99f8,0x00000000b6100000)
GC Heap History (10 events):
Event: 239.347 GC heap before
{Heap before GC invocations=24 (full 2):
 PSYoungGen      total 83968K, used 30244K [0x00000000eaa80000, 0x00000000f3f80000, 0x0000000100000000)
  eden space 81408K, 34% used [0x00000000eaa80000,0x00000000ec5c6ce0,0x00000000efa00000)
  from space 2560K, 90% used [0x00000000f0700000,0x00000000f09423a8,0x00000000f0980000)
  to   space 29696K, 0% used [0x00000000f2280000,0x00000000f2280000,0x00000000f3f80000)
 ParOldGen       total 175104K, used 69418K [0x00000000c0000000, 0x00000000cab00000, 0x00000000eaa80000)
  object space 175104K, 39% used [0x00000000c0000000,0x00000000c43ca810,0x00000000cab00000)
 PSPermGen       total 166400K, used 80242K [0x00000000ac000000, 0x00000000b6280000, 0x00000000c0000000)
  object space 166400K, 48% used [0x00000000ac000000,0x00000000b0e5cb28,0x00000000b6280000)
Event: 239.350 GC heap after
Heap after GC invocations=24 (full 2):
 PSYoungGen      total 97280K, used 224K [0x00000000eaa80000, 0x00000000f3200000, 0x0000000100000000)
  eden space 81408K, 0% used [0x00000000eaa80000,0x00000000eaa80000,0x00000000efa00000)
  from space 15872K, 1% used [0x00000000f2280000,0x00000000f22b8000,0x00000000f3200000)
  to   space 28672K, 0% used [0x00000000efa00000,0x00000000efa00000,0x00000000f1600000)
 ParOldGen       total 175104K, used 69806K [0x00000000c0000000, 0x00000000cab00000, 0x00000000eaa80000)
  object space 175104K, 39% used [0x00000000c0000000,0x00000000c442b860,0x00000000cab00000)
 PSPermGen       total 166400K, used 80242K [0x00000000ac000000, 0x00000000b6280000, 0x00000000c0000000)
  object space 166400K, 48% used [0x00000000ac000000,0x00000000b0e5cb28,0x00000000b6280000)
}
Event: 239.350 GC heap before
{Heap before GC invocations=25 (full 3):
 PSYoungGen      total 97280K, used 224K [0x00000000eaa80000, 0x00000000f3200000, 0x0000000100000000)
  eden space 81408K, 0% used [0x00000000eaa80000,0x00000000eaa80000,0x00000000efa00000)
  from space 15872K, 1% used [0x00000000f2280000,0x00000000f22b8000,0x00000000f3200000)
  to   space 28672K, 0% used [0x00000000efa00000,0x00000000efa00000,0x00000000f1600000)
 ParOldGen       total 175104K, used 69806K [0x00000000c0000000, 0x00000000cab00000, 0x00000000eaa80000)
  object space 175104K, 39% used [0x00000000c0000000,0x00000000c442b860,0x00000000cab00000)
 PSPermGen       total 166400K, used 80242K [0x00000000ac000000, 0x00000000b6280000, 0x00000000c0000000)
  object space 166400K, 48% used [0x00000000ac000000,0x00000000b0e5cb28,0x00000000b6280000)
Event: 239.572 GC heap after
Heap after GC invocations=25 (full 3):
 PSYoungGen      total 97280K, used 0K [0x00000000eaa80000, 0x00000000f3200000, 0x0000000100000000)
  eden space 81408K, 0% used [0x00000000eaa80000,0x00000000eaa80000,0x00000000efa00000)
  from space 15872K, 0% used [0x00000000f2280000,0x00000000f2280000,0x00000000f3200000)
  to   space 28672K, 0% used [0x00000000efa00000,0x00000000efa00000,0x00000000f1600000)
 ParOldGen       total 175104K, used 51287K [0x00000000c0000000, 0x00000000cab00000, 0x00000000eaa80000)
  object space 175104K, 29% used [0x00000000c0000000,0x00000000c3215c70,0x00000000cab00000)
 PSPermGen       total 164864K, used 80215K [0x00000000ac000000, 0x00000000b6100000, 0x00000000c0000000)
  object space 164864K, 48% used [0x00000000ac000000,0x00000000b0e55fc0,0x00000000b6100000)
}
Event: 271.907 GC heap before
{Heap before GC invocations=26 (full 3):
 PSYoungGen      total 97280K, used 81408K [0x00000000eaa80000, 0x00000000f3200000, 0x0000000100000000)
  eden space 81408K, 100% used [0x00000000eaa80000,0x00000000efa00000,0x00000000efa00000)
  from space 15872K, 0% used [0x00000000f2280000,0x00000000f2280000,0x00000000f3200000)
  to   space 28672K, 0% used [0x00000000efa00000,0x00000000efa00000,0x00000000f1600000)
 ParOldGen       total 175104K, used 51287K [0x00000000c0000000, 0x00000000cab00000, 0x00000000eaa80000)
  object space 175104K, 29% used [0x00000000c0000000,0x00000000c3215c70,0x00000000cab00000)
 PSPermGen       total 164864K, used 80738K [0x00000000ac000000, 0x00000000b6100000, 0x00000000c0000000)
  object space 164864K, 48% used [0x00000000ac000000,0x00000000b0ed8ba0,0x00000000b6100000)
Event: 271.912 GC heap after
Heap after GC invocations=26 (full 3):
 PSYoungGen      total 80896K, used 1463K [0x00000000eaa80000, 0x00000000f2d00000, 0x0000000100000000)
  eden space 79360K, 0% used [0x00000000eaa80000,0x00000000eaa80000,0x00000000ef800000)
  from space 1536K, 95% used [0x00000000efa00000,0x00000000efb6df50,0x00000000efb80000)
  to   space 27136K, 0% used [0x00000000f1280000,0x00000000f1280000,0x00000000f2d00000)
 ParOldGen       total 175104K, used 51287K [0x00000000c0000000, 0x00000000cab00000, 0x00000000eaa80000)
  object space 175104K, 29% used [0x00000000c0000000,0x00000000c3215c70,0x00000000cab00000)
 PSPermGen       total 164864K, used 80738K [0x00000000ac000000, 0x00000000b6100000, 0x00000000c0000000)
  object space 164864K, 48% used [0x00000000ac000000,0x00000000b0ed8ba0,0x00000000b6100000)
}
Event: 275.484 GC heap before
{Heap before GC invocations=27 (full 3):
 PSYoungGen      total 80896K, used 80823K [0x00000000eaa80000, 0x00000000f2d00000, 0x0000000100000000)
  eden space 79360K, 100% used [0x00000000eaa80000,0x00000000ef800000,0x00000000ef800000)
  from space 1536K, 95% used [0x00000000efa00000,0x00000000efb6df50,0x00000000efb80000)
  to   space 27136K, 0% used [0x00000000f1280000,0x00000000f1280000,0x00000000f2d00000)
 ParOldGen       total 175104K, used 51287K [0x00000000c0000000, 0x00000000cab00000, 0x00000000eaa80000)
  object space 175104K, 29% used [0x00000000c0000000,0x00000000c3215c70,0x00000000cab00000)
 PSPermGen       total 164864K, used 82297K [0x00000000ac000000, 0x00000000b6100000, 0x00000000c0000000)
  object space 164864K, 49% used [0x00000000ac000000,0x00000000b105e678,0x00000000b6100000)
Event: 275.488 GC heap after
Heap after GC invocations=27 (full 3):
 PSYoungGen      total 100352K, used 1044K [0x00000000eaa80000, 0x00000000f2900000, 0x0000000100000000)
  eden space 77312K, 0% used [0x00000000eaa80000,0x00000000eaa80000,0x00000000ef600000)
  from space 23040K, 4% used [0x00000000f1280000,0x00000000f1385228,0x00000000f2900000)
  to   space 26112K, 0% used [0x00000000ef600000,0x00000000ef600000,0x00000000f0f80000)
 ParOldGen       total 175104K, used 52121K [0x00000000c0000000, 0x00000000cab00000, 0x00000000eaa80000)
  object space 175104K, 29% used [0x00000000c0000000,0x00000000c32e6788,0x00000000cab00000)
 PSPermGen       total 164864K, used 82297K [0x00000000ac000000, 0x00000000b6100000, 0x00000000c0000000)
  object space 164864K, 49% used [0x00000000ac000000,0x00000000b105e678,0x00000000b6100000)
}
Event: 278.690 GC heap before
{Heap before GC invocations=28 (full 3):
 PSYoungGen      total 100352K, used 78356K [0x00000000eaa80000, 0x00000000f2900000, 0x0000000100000000)
  eden space 77312K, 100% used [0x00000000eaa80000,0x00000000ef600000,0x00000000ef600000)
  from space 23040K, 4% used [0x00000000f1280000,0x00000000f1385228,0x00000000f2900000)
  to   space 26112K, 0% used [0x00000000ef600000,0x00000000ef600000,0x00000000f0f80000)
 ParOldGen       total 175104K, used 52121K [0x00000000c0000000, 0x00000000cab00000, 0x00000000eaa80000)
  object space 175104K, 29% used [0x00000000c0000000,0x00000000c32e6788,0x00000000cab00000)
 PSPermGen       total 164864K, used 82332K [0x00000000ac000000, 0x00000000b6100000, 0x00000000c0000000)
  object space 164864K, 49% used [0x00000000ac000000,0x00000000b1067380,0x00000000b6100000)
Event: 278.694 GC heap after
Heap after GC invocations=28 (full 3):
 PSYoungGen      total 76288K, used 896K [0x00000000eaa80000, 0x00000000f2500000, 0x0000000100000000)
  eden space 75264K, 0% used [0x00000000eaa80000,0x00000000eaa80000,0x00000000ef400000)
  from space 1024K, 87% used [0x00000000ef600000,0x00000000ef6e0000,0x00000000ef700000)
  to   space 25088K, 0% used [0x00000000f0c80000,0x00000000f0c80000,0x00000000f2500000)
 ParOldGen       total 175104K, used 52545K [0x00000000c0000000, 0x00000000cab00000, 0x00000000eaa80000)
  object space 175104K, 30% used [0x00000000c0000000,0x00000000c33507a8,0x00000000cab00000)
 PSPermGen       total 164864K, used 82332K [0x00000000ac000000, 0x00000000b6100000, 0x00000000c0000000)
  object space 164864K, 49% used [0x00000000ac000000,0x00000000b1067380,0x00000000b6100000)
}

