# JRE version: OpenJDK Runtime Environment (7.0_79-b14) (build 1.7.0_79-b14)
# Java VM: OpenJDK 64-Bit Server VM (24.79-b02 mixed mode linux-amd64 compressed oops)
Heap
 PSYoungGen      total 269824K, used 63216K [0x00000000eaa80000, 0x00000000fee80000, 0x0000000100000000)
  eden space 253952K, 18% used [0x00000000eaa80000,0x00000000ed8f54f0,0x00000000fa280000)
  from space 15872K, 98% used [0x00000000fdf00000,0x00000000fee46b60,0x00000000fee80000)
  to   space 34304K, 0% used [0x00000000fab80000,0x00000000fab80000,0x00000000fcd00000)
 ParOldGen       total 175104K, used 85657K [0x00000000c0000000, 0x00000000cab00000, 0x00000000eaa80000)
  object space 175104K, 48% used [0x00000000c0000000,0x00000000c53a65d8,0x00000000cab00000)
 PSPermGen       total 71680K, used 71304K [0x00000000ac000000, 0x00000000b0600000, 0x00000000c0000000)
  object space 71680K, 99% used [0x00000000ac000000,0x00000000b05a2188,0x00000000b0600000)
GC Heap History (10 events):
Event: 5.002 GC heap before
{Heap before GC invocations=4 (full 0):
 PSYoungGen      total 76800K, used 76799K [0x00000000eaa80000, 0x00000000f4080000, 0x0000000100000000)
  eden space 66048K, 100% used [0x00000000eaa80000,0x00000000eeb00000,0x00000000eeb00000)
  from space 10752K, 99% used [0x00000000eeb00000,0x00000000ef57ff70,0x00000000ef580000)
  to   space 10752K, 0% used [0x00000000f3600000,0x00000000f3600000,0x00000000f4080000)
 ParOldGen       total 175104K, used 49754K [0x00000000c0000000, 0x00000000cab00000, 0x00000000eaa80000)
  object space 175104K, 28% used [0x00000000c0000000,0x00000000c3096a30,0x00000000cab00000)
 PSPermGen       total 63488K, used 63394K [0x00000000ac000000, 0x00000000afe00000, 0x00000000c0000000)
  object space 63488K, 99% used [0x00000000ac000000,0x00000000afde8a40,0x00000000afe00000)
Event: 5.023 GC heap after
Heap after GC invocations=4 (full 0):
 PSYoungGen      total 142848K, used 10746K [0x00000000eaa80000, 0x00000000f4080000, 0x0000000100000000)
  eden space 132096K, 0% used [0x00000000eaa80000,0x00000000eaa80000,0x00000000f2b80000)
  from space 10752K, 99% used [0x00000000f3600000,0x00000000f407ead0,0x00000000f4080000)
  to   space 10752K, 0% used [0x00000000f2b80000,0x00000000f2b80000,0x00000000f3600000)
 ParOldGen       total 175104K, used 65852K [0x00000000c0000000, 0x00000000cab00000, 0x00000000eaa80000)
  object space 175104K, 37% used [0x00000000c0000000,0x00000000c404f3a0,0x00000000cab00000)
 PSPermGen       total 63488K, used 63394K [0x00000000ac000000, 0x00000000afe00000, 0x00000000c0000000)
  object space 63488K, 99% used [0x00000000ac000000,0x00000000afde8a40,0x00000000afe00000)
}
Event: 11.579 GC heap before
{Heap before GC invocations=5 (full 0):
 PSYoungGen      total 142848K, used 142842K [0x00000000eaa80000, 0x00000000f4080000, 0x0000000100000000)
  eden space 132096K, 100% used [0x00000000eaa80000,0x00000000f2b80000,0x00000000f2b80000)
  from space 10752K, 99% used [0x00000000f3600000,0x00000000f407ead0,0x00000000f4080000)
  to   space 10752K, 0% used [0x00000000f2b80000,0x00000000f2b80000,0x00000000f3600000)
 ParOldGen       total 175104K, used 65852K [0x00000000c0000000, 0x00000000cab00000, 0x00000000eaa80000)
  object space 175104K, 37% used [0x00000000c0000000,0x00000000c404f3a0,0x00000000cab00000)
 PSPermGen       total 66048K, used 65921K [0x00000000ac000000, 0x00000000b0080000, 0x00000000c0000000)
  object space 66048K, 99% used [0x00000000ac000000,0x00000000b00607d0,0x00000000b0080000)
Event: 11.599 GC heap after
Heap after GC invocations=5 (full 0):
 PSYoungGen      total 142848K, used 10747K [0x00000000eaa80000, 0x00000000fee80000, 0x0000000100000000)
  eden space 132096K, 0% used [0x00000000eaa80000,0x00000000eaa80000,0x00000000f2b80000)
  from space 10752K, 99% used [0x00000000f2b80000,0x00000000f35fed30,0x00000000f3600000)
  to   space 33792K, 0% used [0x00000000fcd80000,0x00000000fcd80000,0x00000000fee80000)
 ParOldGen       total 175104K, used 77171K [0x00000000c0000000, 0x00000000cab00000, 0x00000000eaa80000)
  object space 175104K, 44% used [0x00000000c0000000,0x00000000c4b5cfc0,0x00000000cab00000)
 PSPermGen       total 66048K, used 65921K [0x00000000ac000000, 0x00000000b0080000, 0x00000000c0000000)
  object space 66048K, 99% used [0x00000000ac000000,0x00000000b00607d0,0x00000000b0080000)
}
Event: 13.092 GC heap before
{Heap before GC invocations=6 (full 0):
 PSYoungGen      total 142848K, used 142843K [0x00000000eaa80000, 0x00000000fee80000, 0x0000000100000000)
  eden space 132096K, 100% used [0x00000000eaa80000,0x00000000f2b80000,0x00000000f2b80000)
  from space 10752K, 99% used [0x00000000f2b80000,0x00000000f35fed30,0x00000000f3600000)
  to   space 33792K, 0% used [0x00000000fcd80000,0x00000000fcd80000,0x00000000fee80000)
 ParOldGen       total 175104K, used 77171K [0x00000000c0000000, 0x00000000cab00000, 0x00000000eaa80000)
  object space 175104K, 44% used [0x00000000c0000000,0x00000000c4b5cfc0,0x00000000cab00000)
 PSPermGen       total 68608K, used 68590K [0x00000000ac000000, 0x00000000b0300000, 0x00000000c0000000)
  object space 68608K, 99% used [0x00000000ac000000,0x00000000b02fb8c8,0x00000000b0300000)
Event: 13.110 GC heap after
Heap after GC invocations=6 (full 0):
 PSYoungGen      total 296960K, used 23263K [0x00000000eaa80000, 0x00000000fed80000, 0x0000000100000000)
  eden space 264192K, 0% used [0x00000000eaa80000,0x00000000eaa80000,0x00000000fac80000)
  from space 32768K, 70% used [0x00000000fcd80000,0x00000000fe437ca8,0x00000000fed80000)
  to   space 33280K, 0% used [0x00000000fac80000,0x00000000fac80000,0x00000000fcd00000)
 ParOldGen       total 175104K, used 77179K [0x00000000c0000000, 0x00000000cab00000, 0x00000000eaa80000)
  object space 175104K, 44% used [0x00000000c0000000,0x00000000c4b5efc0,0x00000000cab00000)
 PSPermGen       total 68608K, used 68590K [0x00000000ac000000, 0x00000000b0300000, 0x00000000c0000000)
  object space 68608K, 99% used [0x00000000ac000000,0x00000000b02fb8c8,0x00000000b0300000)
}
Event: 15.937 GC heap before
{Heap before GC invocations=7 (full 0):
 PSYoungGen      total 296960K, used 287455K [0x00000000eaa80000, 0x00000000fed80000, 0x0000000100000000)
  eden space 264192K, 100% used [0x00000000eaa80000,0x00000000fac80000,0x00000000fac80000)
  from space 32768K, 70% used [0x00000000fcd80000,0x00000000fe437ca8,0x00000000fed80000)
  to   space 33280K, 0% used [0x00000000fac80000,0x00000000fac80000,0x00000000fcd00000)
 ParOldGen       total 175104K, used 77179K [0x00000000c0000000, 0x00000000cab00000, 0x00000000eaa80000)
  object space 175104K, 44% used [0x00000000c0000000,0x00000000c4b5efc0,0x00000000cab00000)
 PSPermGen       total 69632K, used 69414K [0x00000000ac000000, 0x00000000b0400000, 0x00000000c0000000)
  object space 69632K, 99% used [0x00000000ac000000,0x00000000b03c9ba0,0x00000000b0400000)
Event: 15.962 GC heap after
Heap after GC invocations=7 (full 0):
 PSYoungGen      total 297472K, used 18854K [0x00000000eaa80000, 0x0000000100000000, 0x0000000100000000)
  eden space 264192K, 0% used [0x00000000eaa80000,0x00000000eaa80000,0x00000000fac80000)
  from space 33280K, 56% used [0x00000000fac80000,0x00000000fbee9ba0,0x00000000fcd00000)
  to   space 33792K, 0% used [0x00000000fdf00000,0x00000000fdf00000,0x0000000100000000)
 ParOldGen       total 175104K, used 82485K [0x00000000c0000000, 0x00000000cab00000, 0x00000000eaa80000)
  object space 175104K, 47% used [0x00000000c0000000,0x00000000c508d418,0x00000000cab00000)
 PSPermGen       total 69632K, used 69414K [0x00000000ac000000, 0x00000000b0400000, 0x00000000c0000000)
  object space 69632K, 99% used [0x00000000ac000000,0x00000000b03c9ba0,0x00000000b0400000)
}
Event: 17.705 GC heap before
{Heap before GC invocations=8 (full 0):
 PSYoungGen      total 297472K, used 283046K [0x00000000eaa80000, 0x0000000100000000, 0x0000000100000000)
  eden space 264192K, 100% used [0x00000000eaa80000,0x00000000fac80000,0x00000000fac80000)
  from space 33280K, 56% used [0x00000000fac80000,0x00000000fbee9ba0,0x00000000fcd00000)
  to   space 33792K, 0% used [0x00000000fdf00000,0x00000000fdf00000,0x0000000100000000)
 ParOldGen       total 175104K, used 82485K [0x00000000c0000000, 0x00000000cab00000, 0x00000000eaa80000)
  object space 175104K, 47% used [0x00000000c0000000,0x00000000c508d418,0x00000000cab00000)
 PSPermGen       total 70144K, used 69639K [0x00000000ac000000, 0x00000000b0480000, 0x00000000c0000000)
  object space 70144K, 99% used [0x00000000ac000000,0x00000000b0401d20,0x00000000b0480000)
Event: 17.715 GC heap after
Heap after GC invocations=8 (full 0):
 PSYoungGen      total 269824K, used 15642K [0x00000000eaa80000, 0x00000000fee80000, 0x0000000100000000)
  eden space 253952K, 0% used [0x00000000eaa80000,0x00000000eaa80000,0x00000000fa280000)
  from space 15872K, 98% used [0x00000000fdf00000,0x00000000fee46b60,0x00000000fee80000)
  to   space 34304K, 0% used [0x00000000fab80000,0x00000000fab80000,0x00000000fcd00000)
 ParOldGen       total 175104K, used 85657K [0x00000000c0000000, 0x00000000cab00000, 0x00000000eaa80000)
  object space 175104K, 48% used [0x00000000c0000000,0x00000000c53a65d8,0x00000000cab00000)
 PSPermGen       total 70144K, used 69639K [0x00000000ac000000, 0x00000000b0480000, 0x00000000c0000000)
  object space 70144K, 99% used [0x00000000ac000000,0x00000000b0401d20,0x00000000b0480000)
}

