# JRE version: OpenJDK Runtime Environment (7.0_79-b14) (build 1.7.0_79-b14)
# Java VM: OpenJDK 64-Bit Server VM (24.79-b02 mixed mode linux-amd64 compressed oops)
Heap
 PSYoungGen      total 269312K, used 41763K [0x00000000eaa80000, 0x0000000100000000, 0x0000000100000000)
  eden space 244224K, 6% used [0x00000000eaa80000,0x00000000ebacf0e8,0x00000000f9900000)
  from space 25088K, 99% used [0x00000000fc500000,0x00000000fdd79da0,0x00000000fdd80000)
  to   space 45056K, 0% used [0x00000000f9900000,0x00000000f9900000,0x00000000fc500000)
 ParOldGen       total 175104K, used 60145K [0x00000000c0000000, 0x00000000cab00000, 0x00000000eaa80000)
  object space 175104K, 34% used [0x00000000c0000000,0x00000000c3abc540,0x00000000cab00000)
 PSPermGen       total 51200K, used 50695K [0x00000000ac000000, 0x00000000af200000, 0x00000000c0000000)
  object space 51200K, 99% used [0x00000000ac000000,0x00000000af181ff8,0x00000000af200000)
GC Heap History (10 events):
Event: 1.271 GC heap before
{Heap before GC invocations=2 (full 0):
 PSYoungGen      total 76800K, used 76775K [0x00000000eaa80000, 0x00000000f0000000, 0x0000000100000000)
  eden space 66048K, 100% used [0x00000000eaa80000,0x00000000eeb00000,0x00000000eeb00000)
  from space 10752K, 99% used [0x00000000eeb00000,0x00000000ef579f90,0x00000000ef580000)
  to   space 10752K, 0% used [0x00000000ef580000,0x00000000ef580000,0x00000000f0000000)
 ParOldGen       total 175104K, used 1436K [0x00000000c0000000, 0x00000000cab00000, 0x00000000eaa80000)
  object space 175104K, 0% used [0x00000000c0000000,0x00000000c01671d0,0x00000000cab00000)
 PSPermGen       total 21504K, used 11337K [0x00000000ac000000, 0x00000000ad500000, 0x00000000c0000000)
  object space 21504K, 52% used [0x00000000ac000000,0x00000000acb12538,0x00000000ad500000)
Event: 1.279 GC heap after
Heap after GC invocations=2 (full 0):
 PSYoungGen      total 76800K, used 10730K [0x00000000eaa80000, 0x00000000f4080000, 0x0000000100000000)
  eden space 66048K, 0% used [0x00000000eaa80000,0x00000000eaa80000,0x00000000eeb00000)
  from space 10752K, 99% used [0x00000000ef580000,0x00000000efffa828,0x00000000f0000000)
  to   space 10752K, 0% used [0x00000000eeb00000,0x00000000eeb00000,0x00000000ef580000)
 ParOldGen       total 175104K, used 4086K [0x00000000c0000000, 0x00000000cab00000, 0x00000000eaa80000)
  object space 175104K, 2% used [0x00000000c0000000,0x00000000c03fdbd8,0x00000000cab00000)
 PSPermGen       total 21504K, used 11337K [0x00000000ac000000, 0x00000000ad500000, 0x00000000c0000000)
  object space 21504K, 52% used [0x00000000ac000000,0x00000000acb12538,0x00000000ad500000)
}
Event: 2.129 GC heap before
{Heap before GC invocations=3 (full 0):
 PSYoungGen      total 76800K, used 76778K [0x00000000eaa80000, 0x00000000f4080000, 0x0000000100000000)
  eden space 66048K, 100% used [0x00000000eaa80000,0x00000000eeb00000,0x00000000eeb00000)
  from space 10752K, 99% used [0x00000000ef580000,0x00000000efffa828,0x00000000f0000000)
  to   space 10752K, 0% used [0x00000000eeb00000,0x00000000eeb00000,0x00000000ef580000)
 ParOldGen       total 175104K, used 4086K [0x00000000c0000000, 0x00000000cab00000, 0x00000000eaa80000)
  object space 175104K, 2% used [0x00000000c0000000,0x00000000c03fdbd8,0x00000000cab00000)
 PSPermGen       total 21504K, used 14867K [0x00000000ac000000, 0x00000000ad500000, 0x00000000c0000000)
  object space 21504K, 69% used [0x00000000ac000000,0x00000000ace84e58,0x00000000ad500000)
Event: 2.138 GC heap after
Heap after GC invocations=3 (full 0):
 PSYoungGen      total 76800K, used 10744K [0x00000000eaa80000, 0x00000000f4080000, 0x0000000100000000)
  eden space 66048K, 0% used [0x00000000eaa80000,0x00000000eaa80000,0x00000000eeb00000)
  from space 10752K, 99% used [0x00000000eeb00000,0x00000000ef57e378,0x00000000ef580000)
  to   space 10752K, 0% used [0x00000000f3600000,0x00000000f3600000,0x00000000f4080000)
 ParOldGen       total 175104K, used 11645K [0x00000000c0000000, 0x00000000cab00000, 0x00000000eaa80000)
  object space 175104K, 6% used [0x00000000c0000000,0x00000000c0b5f4d0,0x00000000cab00000)
 PSPermGen       total 21504K, used 14867K [0x00000000ac000000, 0x00000000ad500000, 0x00000000c0000000)
  object space 21504K, 69% used [0x00000000ac000000,0x00000000ace84e58,0x00000000ad500000)
}
Event: 2.732 GC heap before
{Heap before GC invocations=4 (full 0):
 PSYoungGen      total 76800K, used 76792K [0x00000000eaa80000, 0x00000000f4080000, 0x0000000100000000)
  eden space 66048K, 100% used [0x00000000eaa80000,0x00000000eeb00000,0x00000000eeb00000)
  from space 10752K, 99% used [0x00000000eeb00000,0x00000000ef57e378,0x00000000ef580000)
  to   space 10752K, 0% used [0x00000000f3600000,0x00000000f3600000,0x00000000f4080000)
 ParOldGen       total 175104K, used 11645K [0x00000000c0000000, 0x00000000cab00000, 0x00000000eaa80000)
  object space 175104K, 6% used [0x00000000c0000000,0x00000000c0b5f4d0,0x00000000cab00000)
 PSPermGen       total 21504K, used 16371K [0x00000000ac000000, 0x00000000ad500000, 0x00000000c0000000)
  object space 21504K, 76% used [0x00000000ac000000,0x00000000acffcda8,0x00000000ad500000)
Event: 2.742 GC heap after
Heap after GC invocations=4 (full 0):
 PSYoungGen      total 142848K, used 10736K [0x00000000eaa80000, 0x00000000f4080000, 0x0000000100000000)
  eden space 132096K, 0% used [0x00000000eaa80000,0x00000000eaa80000,0x00000000f2b80000)
  from space 10752K, 99% used [0x00000000f3600000,0x00000000f407c2c8,0x00000000f4080000)
  to   space 10752K, 0% used [0x00000000f2b80000,0x00000000f2b80000,0x00000000f3600000)
 ParOldGen       total 175104K, used 15707K [0x00000000c0000000, 0x00000000cab00000, 0x00000000eaa80000)
  object space 175104K, 8% used [0x00000000c0000000,0x00000000c0f56ea8,0x00000000cab00000)
 PSPermGen       total 21504K, used 16371K [0x00000000ac000000, 0x00000000ad500000, 0x00000000c0000000)
  object space 21504K, 76% used [0x00000000ac000000,0x00000000acffcda8,0x00000000ad500000)
}
Event: 7.087 GC heap before
{Heap before GC invocations=5 (full 0):
 PSYoungGen      total 142848K, used 142832K [0x00000000eaa80000, 0x00000000f4080000, 0x0000000100000000)
  eden space 132096K, 100% used [0x00000000eaa80000,0x00000000f2b80000,0x00000000f2b80000)
  from space 10752K, 99% used [0x00000000f3600000,0x00000000f407c2c8,0x00000000f4080000)
  to   space 10752K, 0% used [0x00000000f2b80000,0x00000000f2b80000,0x00000000f3600000)
 ParOldGen       total 175104K, used 15707K [0x00000000c0000000, 0x00000000cab00000, 0x00000000eaa80000)
  object space 175104K, 8% used [0x00000000c0000000,0x00000000c0f56ea8,0x00000000cab00000)
 PSPermGen       total 28672K, used 28517K [0x00000000ac000000, 0x00000000adc00000, 0x00000000c0000000)
  object space 28672K, 99% used [0x00000000ac000000,0x00000000adbd9638,0x00000000adc00000)
Event: 7.103 GC heap after
Heap after GC invocations=5 (full 0):
 PSYoungGen      total 142848K, used 10736K [0x00000000eaa80000, 0x00000000fdd80000, 0x0000000100000000)
  eden space 132096K, 0% used [0x00000000eaa80000,0x00000000eaa80000,0x00000000f2b80000)
  from space 10752K, 99% used [0x00000000f2b80000,0x00000000f35fc078,0x00000000f3600000)
  to   space 25088K, 0% used [0x00000000fc500000,0x00000000fc500000,0x00000000fdd80000)
 ParOldGen       total 175104K, used 31008K [0x00000000c0000000, 0x00000000cab00000, 0x00000000eaa80000)
  object space 175104K, 17% used [0x00000000c0000000,0x00000000c1e48378,0x00000000cab00000)
 PSPermGen       total 28672K, used 28517K [0x00000000ac000000, 0x00000000adc00000, 0x00000000c0000000)
  object space 28672K, 99% used [0x00000000ac000000,0x00000000adbd9638,0x00000000adc00000)
}
Event: 9.129 GC heap before
{Heap before GC invocations=6 (full 0):
 PSYoungGen      total 142848K, used 142832K [0x00000000eaa80000, 0x00000000fdd80000, 0x0000000100000000)
  eden space 132096K, 100% used [0x00000000eaa80000,0x00000000f2b80000,0x00000000f2b80000)
  from space 10752K, 99% used [0x00000000f2b80000,0x00000000f35fc078,0x00000000f3600000)
  to   space 25088K, 0% used [0x00000000fc500000,0x00000000fc500000,0x00000000fdd80000)
 ParOldGen       total 175104K, used 31008K [0x00000000c0000000, 0x00000000cab00000, 0x00000000eaa80000)
  object space 175104K, 17% used [0x00000000c0000000,0x00000000c1e48378,0x00000000cab00000)
 PSPermGen       total 50176K, used 49705K [0x00000000ac000000, 0x00000000af100000, 0x00000000c0000000)
  object space 50176K, 99% used [0x00000000ac000000,0x00000000af08a640,0x00000000af100000)
Event: 9.157 GC heap after
Heap after GC invocations=6 (full 0):
 PSYoungGen      total 269312K, used 25063K [0x00000000eaa80000, 0x0000000100000000, 0x0000000100000000)
  eden space 244224K, 0% used [0x00000000eaa80000,0x00000000eaa80000,0x00000000f9900000)
  from space 25088K, 99% used [0x00000000fc500000,0x00000000fdd79da0,0x00000000fdd80000)
  to   space 45056K, 0% used [0x00000000f9900000,0x00000000f9900000,0x00000000fc500000)
 ParOldGen       total 175104K, used 60145K [0x00000000c0000000, 0x00000000cab00000, 0x00000000eaa80000)
  object space 175104K, 34% used [0x00000000c0000000,0x00000000c3abc540,0x00000000cab00000)
 PSPermGen       total 50176K, used 49705K [0x00000000ac000000, 0x00000000af100000, 0x00000000c0000000)
  object space 50176K, 99% used [0x00000000ac000000,0x00000000af08a640,0x00000000af100000)
}

