# JRE version: OpenJDK Runtime Environment (7.0_79-b14) (build 1.7.0_79-b14)
# Java VM: OpenJDK 64-Bit Server VM (24.79-b02 mixed mode linux-amd64 compressed oops)
Heap
 PSYoungGen      total 303616K, used 50222K [0x00000000eaa80000, 0x0000000100000000, 0x0000000100000000)
  eden space 257024K, 19% used [0x00000000eaa80000,0x00000000edb8ba98,0x00000000fa580000)
  from space 46592K, 0% used [0x00000000fd280000,0x00000000fd280000,0x0000000100000000)
  to   space 46080K, 0% used [0x00000000fa580000,0x00000000fa580000,0x00000000fd280000)
 ParOldGen       total 175104K, used 40302K [0x00000000c0000000, 0x00000000cab00000, 0x00000000eaa80000)
  object space 175104K, 23% used [0x00000000c0000000,0x00000000c275b850,0x00000000cab00000)
 PSPermGen       total 133632K, used 71834K [0x00000000ac000000, 0x00000000b4280000, 0x00000000c0000000)
  object space 133632K, 53% used [0x00000000ac000000,0x00000000b0626a80,0x00000000b4280000)
GC Heap History (10 events):
Event: 162.921 GC heap before
{Heap before GC invocations=16 (full 2):
 PSYoungGen      total 303616K, used 7859K [0x00000000eaa80000, 0x0000000100000000, 0x0000000100000000)
  eden space 256512K, 0% used [0x00000000eaa80000,0x00000000eaa80000,0x00000000fa500000)
  from space 47104K, 16% used [0x00000000fd200000,0x00000000fd9acd70,0x0000000100000000)
  to   space 46080K, 0% used [0x00000000fa500000,0x00000000fa500000,0x00000000fd200000)
 ParOldGen       total 175104K, used 55322K [0x00000000c0000000, 0x00000000cab00000, 0x00000000eaa80000)
  object space 175104K, 31% used [0x00000000c0000000,0x00000000c3606b10,0x00000000cab00000)
 PSPermGen       total 124416K, used 66148K [0x00000000ac000000, 0x00000000b3980000, 0x00000000c0000000)
  object space 124416K, 53% used [0x00000000ac000000,0x00000000b00991a0,0x00000000b3980000)
Event: 163.061 GC heap after
Heap after GC invocations=16 (full 2):
 PSYoungGen      total 303616K, used 0K [0x00000000eaa80000, 0x0000000100000000, 0x0000000100000000)
  eden space 256512K, 0% used [0x00000000eaa80000,0x00000000eaa80000,0x00000000fa500000)
  from space 47104K, 0% used [0x00000000fd200000,0x00000000fd200000,0x0000000100000000)
  to   space 46080K, 0% used [0x00000000fa500000,0x00000000fa500000,0x00000000fd200000)
 ParOldGen       total 175104K, used 43763K [0x00000000c0000000, 0x00000000cab00000, 0x00000000eaa80000)
  object space 175104K, 24% used [0x00000000c0000000,0x00000000c2abcc60,0x00000000cab00000)
 PSPermGen       total 142848K, used 66141K [0x00000000ac000000, 0x00000000b4b80000, 0x00000000c0000000)
  object space 142848K, 46% used [0x00000000ac000000,0x00000000b0097710,0x00000000b4b80000)
}
Event: 222.915 GC heap before
{Heap before GC invocations=17 (full 2):
 PSYoungGen      total 303616K, used 11226K [0x00000000eaa80000, 0x0000000100000000, 0x0000000100000000)
  eden space 256512K, 4% used [0x00000000eaa80000,0x00000000eb576970,0x00000000fa500000)
  from space 47104K, 0% used [0x00000000fd200000,0x00000000fd200000,0x0000000100000000)
  to   space 46080K, 0% used [0x00000000fa500000,0x00000000fa500000,0x00000000fd200000)
 ParOldGen       total 175104K, used 43763K [0x00000000c0000000, 0x00000000cab00000, 0x00000000eaa80000)
  object space 175104K, 24% used [0x00000000c0000000,0x00000000c2abcc60,0x00000000cab00000)
 PSPermGen       total 142848K, used 66146K [0x00000000ac000000, 0x00000000b4b80000, 0x00000000c0000000)
  object space 142848K, 46% used [0x00000000ac000000,0x00000000b00988e8,0x00000000b4b80000)
Event: 222.918 GC heap after
Heap after GC invocations=17 (full 2):
 PSYoungGen      total 302592K, used 96K [0x00000000eaa80000, 0x0000000100000000, 0x0000000100000000)
  eden space 256512K, 0% used [0x00000000eaa80000,0x00000000eaa80000,0x00000000fa500000)
  from space 46080K, 0% used [0x00000000fa500000,0x00000000fa518000,0x00000000fd200000)
  to   space 46592K, 0% used [0x00000000fd280000,0x00000000fd280000,0x0000000100000000)
 ParOldGen       total 175104K, used 43763K [0x00000000c0000000, 0x00000000cab00000, 0x00000000eaa80000)
  object space 175104K, 24% used [0x00000000c0000000,0x00000000c2abcc60,0x00000000cab00000)
 PSPermGen       total 142848K, used 66146K [0x00000000ac000000, 0x00000000b4b80000, 0x00000000c0000000)
  object space 142848K, 46% used [0x00000000ac000000,0x00000000b00988e8,0x00000000b4b80000)
}
Event: 222.918 GC heap before
{Heap before GC invocations=18 (full 3):
 PSYoungGen      total 302592K, used 96K [0x00000000eaa80000, 0x0000000100000000, 0x0000000100000000)
  eden space 256512K, 0% used [0x00000000eaa80000,0x00000000eaa80000,0x00000000fa500000)
  from space 46080K, 0% used [0x00000000fa500000,0x00000000fa518000,0x00000000fd200000)
  to   space 46592K, 0% used [0x00000000fd280000,0x00000000fd280000,0x0000000100000000)
 ParOldGen       total 175104K, used 43763K [0x00000000c0000000, 0x00000000cab00000, 0x00000000eaa80000)
  object space 175104K, 24% used [0x00000000c0000000,0x00000000c2abcc60,0x00000000cab00000)
 PSPermGen       total 142848K, used 66146K [0x00000000ac000000, 0x00000000b4b80000, 0x00000000c0000000)
  object space 142848K, 46% used [0x00000000ac000000,0x00000000b00988e8,0x00000000b4b80000)
Event: 223.035 GC heap after
Heap after GC invocations=18 (full 3):
 PSYoungGen      total 302592K, used 0K [0x00000000eaa80000, 0x0000000100000000, 0x0000000100000000)
  eden space 256512K, 0% used [0x00000000eaa80000,0x00000000eaa80000,0x00000000fa500000)
  from space 46080K, 0% used [0x00000000fa500000,0x00000000fa500000,0x00000000fd200000)
  to   space 46592K, 0% used [0x00000000fd280000,0x00000000fd280000,0x0000000100000000)
 ParOldGen       total 175104K, used 40336K [0x00000000c0000000, 0x00000000cab00000, 0x00000000eaa80000)
  object space 175104K, 23% used [0x00000000c0000000,0x00000000c2764188,0x00000000cab00000)
 PSPermGen       total 139776K, used 66145K [0x00000000ac000000, 0x00000000b4880000, 0x00000000c0000000)
  object space 139776K, 47% used [0x00000000ac000000,0x00000000b0098788,0x00000000b4880000)
}
Event: 282.916 GC heap before
{Heap before GC invocations=19 (full 3):
 PSYoungGen      total 302592K, used 5902K [0x00000000eaa80000, 0x0000000100000000, 0x0000000100000000)
  eden space 256512K, 2% used [0x00000000eaa80000,0x00000000eb0438e8,0x00000000fa500000)
  from space 46080K, 0% used [0x00000000fa500000,0x00000000fa500000,0x00000000fd200000)
  to   space 46592K, 0% used [0x00000000fd280000,0x00000000fd280000,0x0000000100000000)
 ParOldGen       total 175104K, used 40336K [0x00000000c0000000, 0x00000000cab00000, 0x00000000eaa80000)
  object space 175104K, 23% used [0x00000000c0000000,0x00000000c2764188,0x00000000cab00000)
 PSPermGen       total 139776K, used 66147K [0x00000000ac000000, 0x00000000b4880000, 0x00000000c0000000)
  object space 139776K, 47% used [0x00000000ac000000,0x00000000b0098f80,0x00000000b4880000)
Event: 282.919 GC heap after
Heap after GC invocations=19 (full 3):
 PSYoungGen      total 303616K, used 64K [0x00000000eaa80000, 0x0000000100000000, 0x0000000100000000)
  eden space 257024K, 0% used [0x00000000eaa80000,0x00000000eaa80000,0x00000000fa580000)
  from space 46592K, 0% used [0x00000000fd280000,0x00000000fd290000,0x0000000100000000)
  to   space 46080K, 0% used [0x00000000fa580000,0x00000000fa580000,0x00000000fd280000)
 ParOldGen       total 175104K, used 40336K [0x00000000c0000000, 0x00000000cab00000, 0x00000000eaa80000)
  object space 175104K, 23% used [0x00000000c0000000,0x00000000c2764188,0x00000000cab00000)
 PSPermGen       total 139776K, used 66147K [0x00000000ac000000, 0x00000000b4880000, 0x00000000c0000000)
  object space 139776K, 47% used [0x00000000ac000000,0x00000000b0098f80,0x00000000b4880000)
}
Event: 282.919 GC heap before
{Heap before GC invocations=20 (full 4):
 PSYoungGen      total 303616K, used 64K [0x00000000eaa80000, 0x0000000100000000, 0x0000000100000000)
  eden space 257024K, 0% used [0x00000000eaa80000,0x00000000eaa80000,0x00000000fa580000)
  from space 46592K, 0% used [0x00000000fd280000,0x00000000fd290000,0x0000000100000000)
  to   space 46080K, 0% used [0x00000000fa580000,0x00000000fa580000,0x00000000fd280000)
 ParOldGen       total 175104K, used 40336K [0x00000000c0000000, 0x00000000cab00000, 0x00000000eaa80000)
  object space 175104K, 23% used [0x00000000c0000000,0x00000000c2764188,0x00000000cab00000)
 PSPermGen       total 139776K, used 66147K [0x00000000ac000000, 0x00000000b4880000, 0x00000000c0000000)
  object space 139776K, 47% used [0x00000000ac000000,0x00000000b0098f80,0x00000000b4880000)
Event: 283.029 GC heap after
Heap after GC invocations=20 (full 4):
 PSYoungGen      total 303616K, used 0K [0x00000000eaa80000, 0x0000000100000000, 0x0000000100000000)
  eden space 257024K, 0% used [0x00000000eaa80000,0x00000000eaa80000,0x00000000fa580000)
  from space 46592K, 0% used [0x00000000fd280000,0x00000000fd280000,0x0000000100000000)
  to   space 46080K, 0% used [0x00000000fa580000,0x00000000fa580000,0x00000000fd280000)
 ParOldGen       total 175104K, used 40302K [0x00000000c0000000, 0x00000000cab00000, 0x00000000eaa80000)
  object space 175104K, 23% used [0x00000000c0000000,0x00000000c275b850,0x00000000cab00000)
 PSPermGen       total 133632K, used 66147K [0x00000000ac000000, 0x00000000b4280000, 0x00000000c0000000)
  object space 133632K, 49% used [0x00000000ac000000,0x00000000b0098ee0,0x00000000b4280000)
}

