# JRE version: OpenJDK Runtime Environment (7.0_79-b14) (build 1.7.0_79-b14)
# Java VM: OpenJDK 64-Bit Server VM (24.79-b02 mixed mode linux-amd64 compressed oops)
Heap
 PSYoungGen      total 269824K, used 44479K [0x00000000eaa80000, 0x0000000100000000, 0x0000000100000000)
  eden space 244736K, 7% used [0x00000000eaa80000,0x00000000ebd71ef8,0x00000000f9980000)
  from space 25088K, 99% used [0x00000000fc500000,0x00000000fdd7de18,0x00000000fdd80000)
  to   space 44544K, 0% used [0x00000000f9980000,0x00000000f9980000,0x00000000fc500000)
 ParOldGen       total 175104K, used 59566K [0x00000000c0000000, 0x00000000cab00000, 0x00000000eaa80000)
  object space 175104K, 34% used [0x00000000c0000000,0x00000000c3a2b968,0x00000000cab00000)
 PSPermGen       total 51200K, used 50695K [0x00000000ac000000, 0x00000000af200000, 0x00000000c0000000)
  object space 51200K, 99% used [0x00000000ac000000,0x00000000af181d78,0x00000000af200000)
GC Heap History (10 events):
Event: 1.431 GC heap before
{Heap before GC invocations=2 (full 0):
 PSYoungGen      total 76800K, used 76796K [0x00000000eaa80000, 0x00000000f0000000, 0x0000000100000000)
  eden space 66048K, 100% used [0x00000000eaa80000,0x00000000eeb00000,0x00000000eeb00000)
  from space 10752K, 99% used [0x00000000eeb00000,0x00000000ef57f018,0x00000000ef580000)
  to   space 10752K, 0% used [0x00000000ef580000,0x00000000ef580000,0x00000000f0000000)
 ParOldGen       total 175104K, used 1373K [0x00000000c0000000, 0x00000000cab00000, 0x00000000eaa80000)
  object space 175104K, 0% used [0x00000000c0000000,0x00000000c01577a0,0x00000000cab00000)
 PSPermGen       total 21504K, used 11339K [0x00000000ac000000, 0x00000000ad500000, 0x00000000c0000000)
  object space 21504K, 52% used [0x00000000ac000000,0x00000000acb12d40,0x00000000ad500000)
Event: 1.439 GC heap after
Heap after GC invocations=2 (full 0):
 PSYoungGen      total 76800K, used 10751K [0x00000000eaa80000, 0x00000000f4080000, 0x0000000100000000)
  eden space 66048K, 0% used [0x00000000eaa80000,0x00000000eaa80000,0x00000000eeb00000)
  from space 10752K, 99% used [0x00000000ef580000,0x00000000effffc10,0x00000000f0000000)
  to   space 10752K, 0% used [0x00000000eeb00000,0x00000000eeb00000,0x00000000ef580000)
 ParOldGen       total 175104K, used 4074K [0x00000000c0000000, 0x00000000cab00000, 0x00000000eaa80000)
  object space 175104K, 2% used [0x00000000c0000000,0x00000000c03fa8a0,0x00000000cab00000)
 PSPermGen       total 21504K, used 11339K [0x00000000ac000000, 0x00000000ad500000, 0x00000000c0000000)
  object space 21504K, 52% used [0x00000000ac000000,0x00000000acb12d40,0x00000000ad500000)
}
Event: 2.297 GC heap before
{Heap before GC invocations=3 (full 0):
 PSYoungGen      total 76800K, used 76799K [0x00000000eaa80000, 0x00000000f4080000, 0x0000000100000000)
  eden space 66048K, 100% used [0x00000000eaa80000,0x00000000eeb00000,0x00000000eeb00000)
  from space 10752K, 99% used [0x00000000ef580000,0x00000000effffc10,0x00000000f0000000)
  to   space 10752K, 0% used [0x00000000eeb00000,0x00000000eeb00000,0x00000000ef580000)
 ParOldGen       total 175104K, used 4074K [0x00000000c0000000, 0x00000000cab00000, 0x00000000eaa80000)
  object space 175104K, 2% used [0x00000000c0000000,0x00000000c03fa8a0,0x00000000cab00000)
 PSPermGen       total 21504K, used 14867K [0x00000000ac000000, 0x00000000ad500000, 0x00000000c0000000)
  object space 21504K, 69% used [0x00000000ac000000,0x00000000ace84f30,0x00000000ad500000)
Event: 2.307 GC heap after
Heap after GC invocations=3 (full 0):
 PSYoungGen      total 76800K, used 10736K [0x00000000eaa80000, 0x00000000f4080000, 0x0000000100000000)
  eden space 66048K, 0% used [0x00000000eaa80000,0x00000000eaa80000,0x00000000eeb00000)
  from space 10752K, 99% used [0x00000000eeb00000,0x00000000ef57c2c8,0x00000000ef580000)
  to   space 10752K, 0% used [0x00000000f3600000,0x00000000f3600000,0x00000000f4080000)
 ParOldGen       total 175104K, used 11672K [0x00000000c0000000, 0x00000000cab00000, 0x00000000eaa80000)
  object space 175104K, 6% used [0x00000000c0000000,0x00000000c0b661a8,0x00000000cab00000)
 PSPermGen       total 21504K, used 14867K [0x00000000ac000000, 0x00000000ad500000, 0x00000000c0000000)
  object space 21504K, 69% used [0x00000000ac000000,0x00000000ace84f30,0x00000000ad500000)
}
Event: 2.929 GC heap before
{Heap before GC invocations=4 (full 0):
 PSYoungGen      total 76800K, used 76784K [0x00000000eaa80000, 0x00000000f4080000, 0x0000000100000000)
  eden space 66048K, 100% used [0x00000000eaa80000,0x00000000eeb00000,0x00000000eeb00000)
  from space 10752K, 99% used [0x00000000eeb00000,0x00000000ef57c2c8,0x00000000ef580000)
  to   space 10752K, 0% used [0x00000000f3600000,0x00000000f3600000,0x00000000f4080000)
 ParOldGen       total 175104K, used 11672K [0x00000000c0000000, 0x00000000cab00000, 0x00000000eaa80000)
  object space 175104K, 6% used [0x00000000c0000000,0x00000000c0b661a8,0x00000000cab00000)
 PSPermGen       total 21504K, used 16389K [0x00000000ac000000, 0x00000000ad500000, 0x00000000c0000000)
  object space 21504K, 76% used [0x00000000ac000000,0x00000000ad001660,0x00000000ad500000)
Event: 2.942 GC heap after
Heap after GC invocations=4 (full 0):
 PSYoungGen      total 142848K, used 10744K [0x00000000eaa80000, 0x00000000f4080000, 0x0000000100000000)
  eden space 132096K, 0% used [0x00000000eaa80000,0x00000000eaa80000,0x00000000f2b80000)
  from space 10752K, 99% used [0x00000000f3600000,0x00000000f407e398,0x00000000f4080000)
  to   space 10752K, 0% used [0x00000000f2b80000,0x00000000f2b80000,0x00000000f3600000)
 ParOldGen       total 175104K, used 15871K [0x00000000c0000000, 0x00000000cab00000, 0x00000000eaa80000)
  object space 175104K, 9% used [0x00000000c0000000,0x00000000c0f7fef0,0x00000000cab00000)
 PSPermGen       total 21504K, used 16389K [0x00000000ac000000, 0x00000000ad500000, 0x00000000c0000000)
  object space 21504K, 76% used [0x00000000ac000000,0x00000000ad001660,0x00000000ad500000)
}
Event: 6.200 GC heap before
{Heap before GC invocations=5 (full 0):
 PSYoungGen      total 142848K, used 142840K [0x00000000eaa80000, 0x00000000f4080000, 0x0000000100000000)
  eden space 132096K, 100% used [0x00000000eaa80000,0x00000000f2b80000,0x00000000f2b80000)
  from space 10752K, 99% used [0x00000000f3600000,0x00000000f407e398,0x00000000f4080000)
  to   space 10752K, 0% used [0x00000000f2b80000,0x00000000f2b80000,0x00000000f3600000)
 ParOldGen       total 175104K, used 15871K [0x00000000c0000000, 0x00000000cab00000, 0x00000000eaa80000)
  object space 175104K, 9% used [0x00000000c0000000,0x00000000c0f7fef0,0x00000000cab00000)
 PSPermGen       total 28672K, used 28397K [0x00000000ac000000, 0x00000000adc00000, 0x00000000c0000000)
  object space 28672K, 99% used [0x00000000ac000000,0x00000000adbbb458,0x00000000adc00000)
Event: 6.217 GC heap after
Heap after GC invocations=5 (full 0):
 PSYoungGen      total 142848K, used 10720K [0x00000000eaa80000, 0x00000000fdd80000, 0x0000000100000000)
  eden space 132096K, 0% used [0x00000000eaa80000,0x00000000eaa80000,0x00000000f2b80000)
  from space 10752K, 99% used [0x00000000f2b80000,0x00000000f35f8338,0x00000000f3600000)
  to   space 25088K, 0% used [0x00000000fc500000,0x00000000fc500000,0x00000000fdd80000)
 ParOldGen       total 175104K, used 30851K [0x00000000c0000000, 0x00000000cab00000, 0x00000000eaa80000)
  object space 175104K, 17% used [0x00000000c0000000,0x00000000c1e20dd0,0x00000000cab00000)
 PSPermGen       total 28672K, used 28397K [0x00000000ac000000, 0x00000000adc00000, 0x00000000c0000000)
  object space 28672K, 99% used [0x00000000ac000000,0x00000000adbbb458,0x00000000adc00000)
}
Event: 8.293 GC heap before
{Heap before GC invocations=6 (full 0):
 PSYoungGen      total 142848K, used 142816K [0x00000000eaa80000, 0x00000000fdd80000, 0x0000000100000000)
  eden space 132096K, 100% used [0x00000000eaa80000,0x00000000f2b80000,0x00000000f2b80000)
  from space 10752K, 99% used [0x00000000f2b80000,0x00000000f35f8338,0x00000000f3600000)
  to   space 25088K, 0% used [0x00000000fc500000,0x00000000fc500000,0x00000000fdd80000)
 ParOldGen       total 175104K, used 30851K [0x00000000c0000000, 0x00000000cab00000, 0x00000000eaa80000)
  object space 175104K, 17% used [0x00000000c0000000,0x00000000c1e20dd0,0x00000000cab00000)
 PSPermGen       total 50176K, used 49706K [0x00000000ac000000, 0x00000000af100000, 0x00000000c0000000)
  object space 50176K, 99% used [0x00000000ac000000,0x00000000af08ab60,0x00000000af100000)
Event: 8.320 GC heap after
Heap after GC invocations=6 (full 0):
 PSYoungGen      total 269824K, used 25079K [0x00000000eaa80000, 0x0000000100000000, 0x0000000100000000)
  eden space 244736K, 0% used [0x00000000eaa80000,0x00000000eaa80000,0x00000000f9980000)
  from space 25088K, 99% used [0x00000000fc500000,0x00000000fdd7de18,0x00000000fdd80000)
  to   space 44544K, 0% used [0x00000000f9980000,0x00000000f9980000,0x00000000fc500000)
 ParOldGen       total 175104K, used 59566K [0x00000000c0000000, 0x00000000cab00000, 0x00000000eaa80000)
  object space 175104K, 34% used [0x00000000c0000000,0x00000000c3a2b968,0x00000000cab00000)
 PSPermGen       total 50176K, used 49706K [0x00000000ac000000, 0x00000000af100000, 0x00000000c0000000)
  object space 50176K, 99% used [0x00000000ac000000,0x00000000af08ab60,0x00000000af100000)
}

